#
# There is insufficient memory for the Java Runtime Environment to continue.
# Native memory allocation (malloc) failed to allocate 372816 bytes for Chunk::new
# Possible reasons:
#   The system is out of physical RAM or swap space
#   The process is running with CompressedOops enabled, and the Java Heap may be blocking the growth of the native heap
# Possible solutions:
#   Reduce memory load on the system
#   Increase physical memory or swap space
#   Check if swap backing store is full
#   Decrease Java heap size (-Xmx/-Xms)
#   Decrease number of Java threads
#   Decrease Java thread stack sizes (-Xss)
#   Set larger code cache with -XX:ReservedCodeCacheSize=
#   JVM is running with Unscaled Compressed Oops mode in which the Java heap is
#     placed in the first 4GB address space. The Java Heap base address is the
#     maximum limit for the native heap growth. Please use -XX:HeapBaseMinAddress
#     to set the Java Heap base and to place the Java Heap above 4GB virtual address.
# This output file may be truncated or incomplete.
#
#  Out of Memory Error (allocation.cpp:389), pid=7060, tid=0x00000000000014b4
#
# JRE version: OpenJDK Runtime Environment (8.0_202-b03) (build 1.8.0_202-release-1483-b03)
# Java VM: OpenJDK 64-Bit Server VM (25.202-b03 mixed mode windows-amd64 compressed oops)
# Failed to write core dump. Minidumps are not enabled by default on client versions of Windows
#

---------------  T H R E A D  ---------------

Current thread (0x0000000013b17000):  JavaThread "C2 CompilerThread0" daemon [_thread_in_native, id=5300, stack(0x0000000015160000,0x0000000015260000)]

Stack: [0x0000000015160000,0x0000000015260000]
[error occurred during error reporting (printing stack bounds), id 0xc0000005]

Native frames: (J=compiled Java code, j=interpreted, Vv=VM code, C=native code)


Current CompileTask:
C2: 103687 3575       4       java.util.Formatter$FormatSpecifier::<init> (246 bytes)


---------------  P R O C E S S  ---------------

Java Threads: ( => current thread )
  0x00000000154a3000 JavaThread "Service Thread" daemon [_thread_blocked, id=6872, stack(0x0000000015860000,0x0000000015960000)]
  0x0000000013b21800 JavaThread "C1 CompilerThread2" daemon [_thread_in_vm, id=5172, stack(0x0000000015360000,0x0000000015460000)]
  0x0000000013b19800 JavaThread "C2 CompilerThread1" daemon [_thread_in_native, id=2288, stack(0x0000000015260000,0x0000000015360000)]
=>0x0000000013b17000 JavaThread "C2 CompilerThread0" daemon [_thread_in_native, id=5300, stack(0x0000000015160000,0x0000000015260000)]
  0x0000000013b1d000 JavaThread "Attach Listener" daemon [_thread_blocked, id=3552, stack(0x0000000015060000,0x0000000015160000)]
  0x0000000013b1c000 JavaThread "Signal Dispatcher" daemon [_thread_blocked, id=5996, stack(0x0000000014f60000,0x0000000015060000)]
  0x000000000277c000 JavaThread "Finalizer" daemon [_thread_blocked, id=4596, stack(0x0000000014d70000,0x0000000014e70000)]
  0x0000000013af9000 JavaThread "Reference Handler" daemon [_thread_blocked, id=3624, stack(0x0000000014c70000,0x0000000014d70000)]
  0x0000000002686800 JavaThread "main" [_thread_blocked, id=5812, stack(0x0000000002520000,0x0000000002620000)]

Other Threads:
  0x0000000013ad6000 VMThread [stack: 0x0000000014b70000,0x0000000014c70000] [id=4924]
  0x0000000013b6d800 WatcherThread [stack: 0x0000000015960000,0x0000000015a60000] [id=7020]

VM state:synchronizing (normal execution)

VM Mutex/Monitor currently owned by a thread:  ([mutex/lock_event])
[0x00000000026778e0] CodeCache_lock - owner thread: 0x0000000013b21800
[0x0000000002683e10] Threads_lock - owner thread: 0x0000000013ad6000
[0x0000000002684da0] Compile_lock - owner thread: 0x0000000013b21800
[0x00000000026847a0] MethodCompileQueue_lock - owner thread: 0x0000000013b21800

heap address: 0x00000000e1000000, size: 496 MB, Compressed Oops mode: 32-bit
Narrow klass base: 0x0000000000000000, Narrow klass shift: 3
Compressed class space size: 1073741824 Address: 0x0000000100000000

Heap:
 PSYoungGen      total 76288K, used 40877K [0x00000000f5b00000, 0x00000000fbf00000, 0x0000000100000000)
  eden space 61952K, 65% used [0x00000000f5b00000,0x00000000f82eb4f8,0x00000000f9780000)
  from space 14336K, 0% used [0x00000000f9780000,0x00000000f9780000,0x00000000fa580000)
  to   space 14336K, 0% used [0x00000000fb100000,0x00000000fb100000,0x00000000fbf00000)
 ParOldGen       total 32768K, used 21188K [0x00000000e1000000, 0x00000000e3000000, 0x00000000f5b00000)
  object space 32768K, 64% used [0x00000000e1000000,0x00000000e24b1118,0x00000000e3000000)
 Metaspace       used 21194K, capacity 21540K, committed 21760K, reserved 1069056K
  class space    used 2835K, capacity 2954K, committed 3072K, reserved 1048576K

Card table byte_map: [0x0000000011b40000,0x0000000011c40000] byte_map_base: 0x0000000011438000

Marking Bits: (ParMarkBitMap*) 0x0000000065619f30
 Begin Bits: [0x00000000120f0000, 0x00000000128b0000)
 End Bits:   [0x00000000128b0000, 0x0000000013070000)

Polling page: 0x0000000000c50000

CodeCache: size=245760Kb used=11285Kb max_used=11579Kb free=234474Kb
 bounds [0x0000000002780000, 0x00000000032e0000, 0x0000000011780000]
 total_blobs=3542 nmethods=3198 adapters=255
 compilation: enabled

Compilation events (10 events):
Event: 101.696 Thread 0x0000000013b19800 3632   !   4       java.util.Formatter$FormatSpecifier::index (53 bytes)
Event: 101.697 Thread 0x0000000013b19800 nmethod 3632 0x00000000032d36d0 code [0x00000000032d3800, 0x00000000032d3878]
Event: 101.704 Thread 0x0000000013b21800 nmethod 3634 0x00000000032d5bd0 code [0x00000000032d63c0, 0x00000000032dab78]
Event: 101.704 Thread 0x0000000013b21800 3635       3       net.bytebuddy.dynamic.scaffold.MethodRegistry$Default::prepare (709 bytes)
Event: 101.738 Thread 0x0000000013b21800 

Event: 101.738 Thread 0x0000000013b21800 3636       3       net.bytebuddy.ClassFileVersion::isAtLeast (15 bytes)
Event: 101.739 Thread 0x0000000013b21800 nmethod 3636 0x0000000002980950 code [0x0000000002980ac0, 0x0000000002980ca8]
Event: 101.739 Thread 0x0000000013b21800 3637       3       net.bytebuddy.ClassFileVersion::compareTo (36 bytes)
Event: 101.740 Thread 0x0000000013b21800 nmethod 3637 0x0000000002cc1790 code [0x0000000002cc1920, 0x0000000002cc1d90]
Event: 101.747 Thread 0x0000000013b19800 3638       4       net.bytebuddy.jar.asm.Item::a (354 bytes)

GC Heap History (10 events):
Event: 96.310 GC heap before
{Heap before GC invocations=33 (full 1):
 PSYoungGen      total 64512K, used 62116K [0x00000000f5b00000, 0x00000000fab00000, 0x0000000100000000)
  eden space 53760K, 100% used [0x00000000f5b00000,0x00000000f8f80000,0x00000000f8f80000)
  from space 10752K, 77% used [0x00000000f8f80000,0x00000000f97a9128,0x00000000f9a00000)
  to   space 11776K, 0% used [0x00000000f9f80000,0x00000000f9f80000,0x00000000fab00000)
 ParOldGen       total 32768K, used 17211K [0x00000000e1000000, 0x00000000e3000000, 0x00000000f5b00000)
  object space 32768K, 52% used [0x00000000e1000000,0x00000000e20cef60,0x00000000e3000000)
 Metaspace       used 18073K, capacity 18372K, committed 18560K, reserved 1064960K
  class space    used 2316K, capacity 2426K, committed 2432K, reserved 1048576K
Event: 96.328 GC heap after
Heap after GC invocations=33 (full 1):
 PSYoungGen      total 69632K, used 8272K [0x00000000f5b00000, 0x00000000fac80000, 0x0000000100000000)
  eden space 57856K, 0% used [0x00000000f5b00000,0x00000000f5b00000,0x00000000f9380000)
  from space 11776K, 70% used [0x00000000f9f80000,0x00000000fa794010,0x00000000fab00000)
  to   space 12288K, 0% used [0x00000000f9380000,0x00000000f9380000,0x00000000f9f80000)
 ParOldGen       total 32768K, used 17219K [0x00000000e1000000, 0x00000000e3000000, 0x00000000f5b00000)
  object space 32768K, 52% used [0x00000000e1000000,0x00000000e20d0f60,0x00000000e3000000)
 Metaspace       used 18073K, capacity 18372K, committed 18560K, reserved 1064960K
  class space    used 2316K, capacity 2426K, committed 2432K, reserved 1048576K
}
Event: 97.585 GC heap before
{Heap before GC invocations=34 (full 1):
 PSYoungGen      total 69632K, used 66128K [0x00000000f5b00000, 0x00000000fac80000, 0x0000000100000000)
  eden space 57856K, 100% used [0x00000000f5b00000,0x00000000f9380000,0x00000000f9380000)
  from space 11776K, 70% used [0x00000000f9f80000,0x00000000fa794010,0x00000000fab00000)
  to   space 12288K, 0% used [0x00000000f9380000,0x00000000f9380000,0x00000000f9f80000)
 ParOldGen       total 32768K, used 17219K [0x00000000e1000000, 0x00000000e3000000, 0x00000000f5b00000)
  object space 32768K, 52% used [0x00000000e1000000,0x00000000e20d0f60,0x00000000e3000000)
 Metaspace       used 19246K, capacity 19588K, committed 19840K, reserved 1067008K
  class space    used 2555K, capacity 2666K, committed 2688K, reserved 1048576K
Event: 97.603 GC heap after
Heap after GC invocations=34 (full 1):
 PSYoungGen      total 70144K, used 8928K [0x00000000f5b00000, 0x00000000fb280000, 0x0000000100000000)
  eden space 57856K, 0% used [0x00000000f5b00000,0x00000000f5b00000,0x00000000f9380000)
  from space 12288K, 72% used [0x00000000f9380000,0x00000000f9c38020,0x00000000f9f80000)
  to   space 13312K, 0% used [0x00000000fa580000,0x00000000fa580000,0x00000000fb280000)
 ParOldGen       total 32768K, used 17227K [0x00000000e1000000, 0x00000000e3000000, 0x00000000f5b00000)
  object space 32768K, 52% used [0x00000000e1000000,0x00000000e20d2f60,0x00000000e3000000)
 Metaspace       used 19246K, capacity 19588K, committed 19840K, reserved 1067008K
  class space    used 2555K, capacity 2666K, committed 2688K, reserved 1048576K
}
Event: 98.653 GC heap before
{Heap before GC invocations=35 (full 1):
 PSYoungGen      total 70144K, used 66784K [0x00000000f5b00000, 0x00000000fb280000, 0x0000000100000000)
  eden space 57856K, 100% used [0x00000000f5b00000,0x00000000f9380000,0x00000000f9380000)
  from space 12288K, 72% used [0x00000000f9380000,0x00000000f9c38020,0x00000000f9f80000)
  to   space 13312K, 0% used [0x00000000fa580000,0x00000000fa580000,0x00000000fb280000)
 ParOldGen       total 32768K, used 17227K [0x00000000e1000000, 0x00000000e3000000, 0x00000000f5b00000)
  object space 32768K, 52% used [0x00000000e1000000,0x00000000e20d2f60,0x00000000e3000000)
 Metaspace       used 20640K, capacity 20996K, committed 21120K, reserved 1067008K
  class space    used 2798K, capacity 2922K, committed 2944K, reserved 1048576K
Event: 98.675 GC heap after
Heap after GC invocations=35 (full 1):
 PSYoungGen      total 75264K, used 9892K [0x00000000f5b00000, 0x00000000fb500000, 0x0000000100000000)
  eden space 61952K, 0% used [0x00000000f5b00000,0x00000000f5b00000,0x00000000f9780000)
  from space 13312K, 74% used [0x00000000fa580000,0x00000000faf29180,0x00000000fb280000)
  to   space 14336K, 0% used [0x00000000f9780000,0x00000000f9780000,0x00000000fa580000)
 ParOldGen       total 32768K, used 17235K [0x00000000e1000000, 0x00000000e3000000, 0x00000000f5b00000)
  object space 32768K, 52% used [0x00000000e1000000,0x00000000e20d4f60,0x00000000e3000000)
 Metaspace       used 20640K, capacity 20996K, committed 21120K, reserved 1067008K
  class space    used 2798K, capacity 2922K, committed 2944K, reserved 1048576K
}
Event: 98.730 GC heap before
{Heap before GC invocations=36 (full 1):
 PSYoungGen      total 75264K, used 13608K [0x00000000f5b00000, 0x00000000fb500000, 0x0000000100000000)
  eden space 61952K, 5% used [0x00000000f5b00000,0x00000000f5ea1138,0x00000000f9780000)
  from space 13312K, 74% used [0x00000000fa580000,0x00000000faf29180,0x00000000fb280000)
  to   space 14336K, 0% used [0x00000000f9780000,0x00000000f9780000,0x00000000fa580000)
 ParOldGen       total 32768K, used 17235K [0x00000000e1000000, 0x00000000e3000000, 0x00000000f5b00000)
  object space 32768K, 52% used [0x00000000e1000000,0x00000000e20d4f60,0x00000000e3000000)
 Metaspace       used 20721K, capacity 21060K, committed 21296K, reserved 1067008K
  class space    used 2810K, capacity 2922K, committed 2944K, reserved 1048576K
Event: 98.746 GC heap after
Heap after GC invocations=36 (full 1):
 PSYoungGen      total 76288K, used 8432K [0x00000000f5b00000, 0x00000000fbf00000, 0x0000000100000000)
  eden space 61952K, 0% used [0x00000000f5b00000,0x00000000f5b00000,0x00000000f9780000)
  from space 14336K, 58% used [0x00000000f9780000,0x00000000f9fbc030,0x00000000fa580000)
  to   space 14336K, 0% used [0x00000000fb100000,0x00000000fb100000,0x00000000fbf00000)
 ParOldGen       total 32768K, used 17243K [0x00000000e1000000, 0x00000000e3000000, 0x00000000f5b00000)
  object space 32768K, 52% used [0x00000000e1000000,0x00000000e20d6f60,0x00000000e3000000)
 Metaspace       used 20721K, capacity 21060K, committed 21296K, reserved 1067008K
  class space    used 2810K, capacity 2922K, committed 2944K, reserved 1048576K
}
Event: 98.746 GC heap before
{Heap before GC invocations=37 (full 2):
 PSYoungGen      total 76288K, used 8432K [0x00000000f5b00000, 0x00000000fbf00000, 0x0000000100000000)
  eden space 61952K, 0% used [0x00000000f5b00000,0x00000000f5b00000,0x00000000f9780000)
  from space 14336K, 58% used [0x00000000f9780000,0x00000000f9fbc030,0x00000000fa580000)
  to   space 14336K, 0% used [0x00000000fb100000,0x00000000fb100000,0x00000000fbf00000)
 ParOldGen       total 32768K, used 17243K [0x00000000e1000000, 0x00000000e3000000, 0x00000000f5b00000)
  object space 32768K, 52% used [0x00000000e1000000,0x00000000e20d6f60,0x00000000e3000000)
 Metaspace       used 20721K, capacity 21060K, committed 21296K, reserved 1067008K
  class space    used 2810K, capacity 2922K, committed 2944K, reserved 1048576K
Event: 99.042 GC heap after
Heap after GC invocations=37 (full 2):
 PSYoungGen      total 76288K, used 0K [0x00000000f5b00000, 0x00000000fbf00000, 0x0000000100000000)
  eden space 61952K, 0% used [0x00000000f5b00000,0x00000000f5b00000,0x00000000f9780000)
  from space 14336K, 0% used [0x00000000f9780000,0x00000000f9780000,0x00000000fa580000)
  to   space 14336K, 0% used [0x00000000fb100000,0x00000000fb100000,0x00000000fbf00000)
 ParOldGen       total 32768K, used 21188K [0x00000000e1000000, 0x00000000e3000000, 0x00000000f5b00000)
  object space 32768K, 64% used [0x00000000e1000000,0x00000000e24b1118,0x00000000e3000000)
 Metaspace       used 20706K, capacity 21036K, committed 21296K, reserved 1067008K
  class space    used 2808K, capacity 2918K, committed 2944K, reserved 1048576K
}

Deoptimization events (10 events):
Event: 99.129 Thread 0x0000000002686800 Uncommon trap: reason=bimorphic action=maybe_recompile pc=0x00000000030cbe54 method=net.bytebuddy.description.type.TypeList$Generic$Explicit.get(I)Lnet/bytebuddy/description/type/TypeDescription$Generic; @ 5
Event: 99.132 Thread 0x0000000002686800 Uncommon trap: reason=bimorphic action=maybe_recompile pc=0x00000000030cbe54 method=net.bytebuddy.description.type.TypeList$Generic$Explicit.get(I)Lnet/bytebuddy/description/type/TypeDescription$Generic; @ 5
Event: 99.142 Thread 0x0000000002686800 Uncommon trap: reason=bimorphic action=maybe_recompile pc=0x00000000030cbe54 method=net.bytebuddy.description.type.TypeList$Generic$Explicit.get(I)Lnet/bytebuddy/description/type/TypeDescription$Generic; @ 5
Event: 99.143 Thread 0x0000000002686800 Uncommon trap: reason=bimorphic action=maybe_recompile pc=0x00000000030cbe54 method=net.bytebuddy.description.type.TypeList$Generic$Explicit.get(I)Lnet/bytebuddy/description/type/TypeDescription$Generic; @ 5
Event: 100.941 Thread 0x0000000002686800 Uncommon trap: reason=unstable_if action=reinterpret pc=0x0000000002ec1a5c method=net.bytebuddy.description.type.TypeDefinition$Sort.isNonGeneric()Z @ 4
Event: 101.327 Thread 0x0000000002686800 Uncommon trap: reason=class_check action=maybe_recompile pc=0x00000000032a2674 method=net.bytebuddy.description.method.ParameterList$ForTokens.get(I)Lnet/bytebuddy/description/method/ParameterDescription$InDefinedShape; @ 61
Event: 101.327 Thread 0x0000000002686800 Uncommon trap: reason=class_check action=maybe_recompile pc=0x00000000032a2674 method=net.bytebuddy.description.method.ParameterList$ForTokens.get(I)Lnet/bytebuddy/description/method/ParameterDescription$InDefinedShape; @ 61
Event: 101.328 Thread 0x0000000002686800 Uncommon trap: reason=class_check action=maybe_recompile pc=0x00000000032a2674 method=net.bytebuddy.description.method.ParameterList$ForTokens.get(I)Lnet/bytebuddy/description/method/ParameterDescription$InDefinedShape; @ 61
Event: 101.328 Thread 0x0000000002686800 Uncommon trap: reason=class_check action=maybe_recompile pc=0x00000000032a2674 method=net.bytebuddy.description.method.ParameterList$ForTokens.get(I)Lnet/bytebuddy/description/method/ParameterDescription$InDefinedShape; @ 61
Event: 101.329 Thread 0x0000000002686800 Uncommon trap: reason=class_check action=maybe_recompile pc=0x000000000329a1f4 method=net.bytebuddy.description.method.ParameterList$ForTokens.get(I)Lnet/bytebuddy/description/method/ParameterDescription$InDefinedShape; @ 61

Classes redefined (0 events):
No events

Internal exceptions (10 events):
Event: 60.839 Thread 0x0000000002686800 Implicit null exception at 0x0000000002fb6dc0 to 0x0000000002fb7a69
Event: 67.008 Thread 0x0000000002686800 Implicit null exception at 0x0000000002a32603 to 0x0000000002a3355d
Event: 80.223 Thread 0x0000000002686800 Exception <a 'java/lang/ClassNotFoundException': org/powermock/configuration/MockitoConfigurationBeanInfo> (0x00000000f8ab6268) thrown at [D:\src\AOSP-openjdk-cygwin\jdk8u\hotspot\src\share\vm\classfile\systemDictionary.cpp, line 210]
Event: 80.226 Thread 0x0000000002686800 Exception <a 'java/lang/ClassNotFoundException': org/powermock/configuration/MockitoConfigurationCustomizer> (0x00000000f8ae8fa8) thrown at [D:\src\AOSP-openjdk-cygwin\jdk8u\hotspot\src\share\vm\classfile\systemDictionary.cpp, line 210]
Event: 80.227 Thread 0x0000000002686800 Exception <a 'java/lang/ArrayIndexOutOfBoundsException': 113> (0x00000000f8aeb228) thrown at [D:\src\AOSP-openjdk-cygwin\jdk8u\hotspot\src\share\vm\interpreter\interpreterRuntime.cpp, line 368]
Event: 80.276 Thread 0x0000000002686800 Exception <a 'java/lang/ClassNotFoundException': org/powermock/configuration/PowerMockConfigurationBeanInfo> (0x00000000f5b32368) thrown at [D:\src\AOSP-openjdk-cygwin\jdk8u\hotspot\src\share\vm\classfile\systemDictionary.cpp, line 210]
Event: 80.279 Thread 0x0000000002686800 Exception <a 'java/lang/ClassNotFoundException': org/powermock/configuration/PowerMockConfigurationCustomizer> (0x00000000f5b66af0) thrown at [D:\src\AOSP-openjdk-cygwin\jdk8u\hotspot\src\share\vm\classfile\systemDictionary.cpp, line 210]
Event: 80.280 Thread 0x0000000002686800 Exception <a 'java/lang/ArrayIndexOutOfBoundsException': 115> (0x00000000f5b68b48) thrown at [D:\src\AOSP-openjdk-cygwin\jdk8u\hotspot\src\share\vm\interpreter\interpreterRuntime.cpp, line 368]
Event: 98.152 Thread 0x0000000002686800 Implicit null exception at 0x0000000002d40ced to 0x0000000002d40e85
Event: 98.165 Thread 0x0000000002686800 Implicit null exception at 0x000000000311636c to 0x0000000003116701

Events (10 events):
Event: 101.732 Thread 0x0000000013b21800 flushing nmethod 0x0000000002d6f310
Event: 101.732 Thread 0x0000000013b21800 flushing nmethod 0x0000000002d7c850
Event: 101.732 Thread 0x0000000013b21800 flushing nmethod 0x0000000002d80a50
Event: 101.732 Thread 0x0000000013b21800 flushing nmethod 0x0000000002da35d0
Event: 101.732 Thread 0x0000000013b21800 flushing nmethod 0x0000000002da3bd0
Event: 101.732 Thread 0x0000000013b21800 flushing nmethod 0x0000000002da6d50
Event: 101.732 Thread 0x0000000013b21800 flushing nmethod 0x0000000002da7190
Event: 101.732 Thread 0x0000000013b21800 flushing nmethod 0x0000000002dab390
Event: 101.732 Thread 0x0000000013b21800 flushing nmethod 0x0000000002dac010
Event: 101.735 Thread 0x0000000013b21800 flushing nmethod 0x0000000003056410


Dynamic libraries:
0x00007ff72dda0000 - 0x00007ff72ddd1000 	C:\Program Files\Android\Android Studio\jre\bin\java.exe
0x00007ff8a8920000 - 0x00007ff8a8afb000 	C:\WINDOWS\SYSTEM32\ntdll.dll
0x00007ff8a64e0000 - 0x00007ff8a658e000 	C:\WINDOWS\System32\KERNEL32.DLL
0x00007ff8a5300000 - 0x00007ff8a5549000 	C:\WINDOWS\System32\KERNELBASE.dll
0x00007ff8a6bc0000 - 0x00007ff8a6c61000 	C:\WINDOWS\System32\ADVAPI32.dll
0x00007ff8a69a0000 - 0x00007ff8a6a3d000 	C:\WINDOWS\System32\msvcrt.dll
0x00007ff8a6d20000 - 0x00007ff8a6d79000 	C:\WINDOWS\System32\sechost.dll
0x00007ff8a5e80000 - 0x00007ff8a5fa5000 	C:\WINDOWS\System32\RPCRT4.dll
0x00007ff8a6e20000 - 0x00007ff8a6f6a000 	C:\WINDOWS\System32\USER32.dll
0x00007ff8a5240000 - 0x00007ff8a525e000 	C:\WINDOWS\System32\win32u.dll
0x00007ff8a6f70000 - 0x00007ff8a6f97000 	C:\WINDOWS\System32\GDI32.dll
0x00007ff8a4ef0000 - 0x00007ff8a5078000 	C:\WINDOWS\System32\gdi32full.dll
0x00007ff8a5260000 - 0x00007ff8a52fa000 	C:\WINDOWS\System32\msvcp_win.dll
0x00007ff8a5080000 - 0x00007ff8a5176000 	C:\WINDOWS\System32\ucrtbase.dll
0x00007ff899170000 - 0x00007ff8993d7000 	C:\WINDOWS\WinSxS\amd64_microsoft.windows.common-controls_6595b64144ccf1df_6.0.15063.483_none_26002d27e7c744a2\COMCTL32.dll
0x00007ff8a6590000 - 0x00007ff8a6889000 	C:\WINDOWS\System32\combase.dll
0x00007ff8a5180000 - 0x00007ff8a51ea000 	C:\WINDOWS\System32\bcryptPrimitives.dll
0x00007ff8a6fa0000 - 0x00007ff8a6fcd000 	C:\WINDOWS\System32\IMM32.DLL
0x00000000656a0000 - 0x0000000065772000 	C:\Program Files\Android\Android Studio\jre\jre\bin\msvcr100.dll
0x0000000064e50000 - 0x0000000065696000 	C:\Program Files\Android\Android Studio\jre\jre\bin\server\jvm.dll
0x00007ff8a84d0000 - 0x00007ff8a84d8000 	C:\WINDOWS\System32\PSAPI.DLL
0x00007ff8a20a0000 - 0x00007ff8a20c3000 	C:\WINDOWS\SYSTEM32\WINMM.dll
0x00007ff895070000 - 0x00007ff89507a000 	C:\WINDOWS\SYSTEM32\VERSION.dll
0x00007ff8a2040000 - 0x00007ff8a206b000 	C:\WINDOWS\SYSTEM32\WINMMBASE.dll
0x00007ff8a51f0000 - 0x00007ff8a5239000 	C:\WINDOWS\System32\cfgmgr32.dll
0x00007ff89ee00000 - 0x00007ff89ee09000 	C:\WINDOWS\SYSTEM32\WSOCK32.dll
0x00007ff8a6440000 - 0x00007ff8a64ac000 	C:\WINDOWS\System32\WS2_32.dll
0x00007ff89e200000 - 0x00007ff89e20f000 	C:\Program Files\Android\Android Studio\jre\jre\bin\verify.dll
0x00007ff8968f0000 - 0x00007ff896919000 	C:\Program Files\Android\Android Studio\jre\jre\bin\java.dll
0x00007ff89d4b0000 - 0x00007ff89d4c6000 	C:\Program Files\Android\Android Studio\jre\jre\bin\zip.dll
0x00007ff8a6fd0000 - 0x00007ff8a8406000 	C:\WINDOWS\System32\SHELL32.dll
0x00007ff8a6c70000 - 0x00007ff8a6d1a000 	C:\WINDOWS\System32\shcore.dll
0x00007ff8a5550000 - 0x00007ff8a5c43000 	C:\WINDOWS\System32\windows.storage.dll
0x00007ff8a6010000 - 0x00007ff8a6061000 	C:\WINDOWS\System32\shlwapi.dll
0x00007ff8a4d90000 - 0x00007ff8a4da1000 	C:\WINDOWS\System32\kernel.appcore.dll
0x00007ff8a4dd0000 - 0x00007ff8a4e1c000 	C:\WINDOWS\System32\powrprof.dll
0x00007ff8a4db0000 - 0x00007ff8a4dc5000 	C:\WINDOWS\System32\profapi.dll
0x00007ff89c960000 - 0x00007ff89c97a000 	C:\Program Files\Android\Android Studio\jre\jre\bin\net.dll
0x00007ff8a4640000 - 0x00007ff8a469c000 	C:\WINDOWS\system32\mswsock.dll

VM Arguments:
jvm_args: -ea -Didea.test.cyclic.buffer.size=1048576 -Dfile.encoding=UTF-8 
java_command: com.intellij.rt.execution.junit.JUnitStarter -ideVersion5 @w@C:\Users\grace\AppData\Local\Temp\idea_working_dirs_junit.tmp @C:\Users\grace\AppData\Local\Temp\idea_junit.tmp -socket51496
java_class_path (initial): C:\Program Files\Android\Android Studio\lib\idea_rt.jar;C:\Program Files\Android\Android Studio\plugins\junit\lib\junit-rt.jar;C:\Program Files\Android\Android Studio\plugins\junit\lib\junit5-rt.jar;C:\Users\grace\AppData\Local\Android\Sdk\platforms\android-25\data\res;C:\Users\grace\AndroidStudioProjects\Android-CandyCodedApplication\app\build\intermediates\classes\test\debug;C:\Users\grace\AndroidStudioProjects\Android-CandyCodedApplication\app\build\intermediates\classes\debug;C:\Users\grace\AndroidStudioProjects\Android-CandyCodedApplication\app\build\intermediates\sourceFolderJavaResources\test\debug;C:\Users\grace\AndroidStudioProjects\Android-CandyCodedApplication\app\build\generated\res\rs\debug;C:\Users\grace\AndroidStudioProjects\Android-CandyCodedApplication\app\build\generated\res\resValues\debug;C:\Users\grace\.gradle\caches\modules-2\files-2.1\org.hamcrest\hamcrest-library\1.3\4785a3c21320980282f9f33d0d1264a69040538f\hamcrest-library-1.3.jar;C:\Users\grace\.gradle\caches\modules-2\files-2.1\junit\junit\4.12\2973d150c0dc1fefe998f834810d68f278ea58ec\junit-4.12.jar;C:\Users\grace\.gradle\caches\modules-2\files-2.1\org.hamcrest\hamcrest-core\1.3\42a25dc3219429f0e5d060061f71acb49bf010a0\hamcrest-core-1.3.jar;C:\Users\grace\.gradle\caches\modules-2\files-2.1\org.powermock\powermock-module-junit4\1.7.1\b68666adbfc6a282a231f3af7a593aad3ee0e002\powermock-module-junit4-1.7.1.jar;C:\Users\grace\.gradle\caches\modules-2\files-2.1\org.powermock\powermock-module-junit4-common\1.7.1\cfd1f8fb63e50ae4c409ace696136ec3d595e832\powermock-module-junit4-common-1.7.1.jar;C:\Users\grace\.gradle\caches\modules-2\files-2.1\com.github.javaparser\javaparser-core\3.0.1\49c49fe9c0d1d21e4777bef6788a92ef15d2a241\javaparser-core-3.0.1.jar;C:\Users\grace\.gradle\caches\modules-2\files-2.1\org.powermock\powermock-api-mockito2\1.7.1\957158530a6e4552fa3addc979d62dcf3e1b1c74\powermock-api-mockito2-1.7.1.jar;C:\Users\grace\.gradle\caches\modules-2\files-2.1\org.
Launcher Type: SUN_STANDARD

Environment Variables:
PATH=C:\WINDOWS\system32;C:\WINDOWS;C:\WINDOWS\System32\Wbem;C:\WINDOWS\System32\WindowsPowerShell\v1.0\;C:\Program Files\Git\cmd;C:\Users\grace\AppData\Local\Microsoft\WindowsApps;
USERNAME=grace
OS=Windows_NT
PROCESSOR_IDENTIFIER=Intel64 Family 6 Model 76 Stepping 4, GenuineIntel



---------------  S Y S T E M  ---------------

OS: Windows 10.0 , 64 bit Build 15063 (10.0.15063.296)

CPU:total 4 (initial active 4) (4 cores per cpu, 1 threads per core) family 6 model 76 stepping 4, cmov, cx8, fxsr, mmx, sse, sse2, sse3, ssse3, sse4.1, sse4.2, popcnt, aes, clmul, erms, 3dnowpref, tsc, tscinvbit

Memory: 4k page, physical 2024448k(275408k free), swap 4301164k(0k free)

vm_info: OpenJDK 64-Bit Server VM (25.202-b03) for windows-amd64 JRE (1.8.0_202-release-1483-b03), built by "builder" with MS VC++ 10.0 (VS2010)

time: Wed Oct 23 10:26:46 2019
timezone: W. Central Africa Standard Time
elapsed time: 104 seconds (0d 0h 1m 44s)

