#
# There is insufficient memory for the Java Runtime Environment to continue.
# Native memory allocation (malloc) failed to allocate 799536 bytes for Chunk::new
# Possible reasons:
#   The system is out of physical RAM or swap space
#   The process is running with CompressedOops enabled, and the Java Heap may be blocking the growth of the native heap
# Possible solutions:
#   Reduce memory load on the system
#   Increase physical memory or swap space
#   Check if swap backing store is full
#   Decrease Java heap size (-Xmx/-Xms)
#   Decrease number of Java threads
#   Decrease Java thread stack sizes (-Xss)
#   Set larger code cache with -XX:ReservedCodeCacheSize=
#   JVM is running with Unscaled Compressed Oops mode in which the Java heap is
#     placed in the first 4GB address space. The Java Heap base address is the
#     maximum limit for the native heap growth. Please use -XX:HeapBaseMinAddress
#     to set the Java Heap base and to place the Java Heap above 4GB virtual address.
# This output file may be truncated or incomplete.
#
#  Out of Memory Error (allocation.cpp:389), pid=5792, tid=0x0000000000001ab8
#
# JRE version: OpenJDK Runtime Environment (8.0_202-b03) (build 1.8.0_202-release-1483-b03)
# Java VM: OpenJDK 64-Bit Server VM (25.202-b03 mixed mode windows-amd64 compressed oops)
# Failed to write core dump. Minidumps are not enabled by default on client versions of Windows
#

---------------  T H R E A D  ---------------

Current thread (0x0000000015253000):  JavaThread "C2 CompilerThread0" daemon [_thread_in_native, id=6840, stack(0x0000000015710000,0x0000000015810000)]

Stack: [0x0000000015710000,0x0000000015810000]
[error occurred during error reporting (printing stack bounds), id 0xc0000005]

Native frames: (J=compiled Java code, j=interpreted, Vv=VM code, C=native code)


Current CompileTask:
C2:  38607 1558       4       javassist.compiler.Parser::parseStatement (257 bytes)


---------------  P R O C E S S  ---------------

Java Threads: ( => current thread )
  0x0000000015287800 JavaThread "Service Thread" daemon [_thread_blocked, id=4128, stack(0x0000000015a10000,0x0000000015b10000)]
  0x0000000015280800 JavaThread "C1 CompilerThread2" daemon [_thread_blocked, id=1572, stack(0x0000000015910000,0x0000000015a10000)]
  0x0000000013beb000 JavaThread "C2 CompilerThread1" daemon [_thread_in_native, id=1152, stack(0x0000000015810000,0x0000000015910000)]
=>0x0000000015253000 JavaThread "C2 CompilerThread0" daemon [_thread_in_native, id=6840, stack(0x0000000015710000,0x0000000015810000)]
  0x0000000013be4000 JavaThread "Monitor Ctrl-Break" daemon [_thread_in_native, id=4736, stack(0x0000000015610000,0x0000000015710000)]
  0x0000000013bc3800 JavaThread "Attach Listener" daemon [_thread_blocked, id=5324, stack(0x0000000015110000,0x0000000015210000)]
  0x0000000013bd3800 JavaThread "Signal Dispatcher" daemon [_thread_blocked, id=3984, stack(0x0000000015010000,0x0000000015110000)]
  0x00000000026fb800 JavaThread "Finalizer" daemon [_thread_blocked, id=6388, stack(0x0000000014e20000,0x0000000014f20000)]
  0x0000000013ba9000 JavaThread "Reference Handler" daemon [_thread_blocked, id=4160, stack(0x0000000014d20000,0x0000000014e20000)]
  0x00000000025fe800 JavaThread "main" [_thread_in_vm, id=6068, stack(0x0000000002480000,0x0000000002580000)]

Other Threads:
  0x0000000013b87000 VMThread [stack: 0x0000000014c20000,0x0000000014d20000] [id=1996]
  0x0000000015288800 WatcherThread [stack: 0x0000000015b10000,0x0000000015c10000] [id=5900]

VM state:not at safepoint (normal execution)

VM Mutex/Monitor currently owned by a thread: None

heap address: 0x00000000e1000000, size: 496 MB, Compressed Oops mode: 32-bit
Narrow klass base: 0x0000000000000000, Narrow klass shift: 3
Compressed class space size: 1073741824 Address: 0x0000000100000000

Heap:
 PSYoungGen      total 31744K, used 19033K [0x00000000f5b00000, 0x00000000f7d80000, 0x0000000100000000)
  eden space 28160K, 65% used [0x00000000f5b00000,0x00000000f6cfd340,0x00000000f7680000)
  from space 3584K, 17% used [0x00000000f7a00000,0x00000000f7a99350,0x00000000f7d80000)
  to   space 3584K, 0% used [0x00000000f7680000,0x00000000f7680000,0x00000000f7a00000)
 ParOldGen       total 22016K, used 8362K [0x00000000e1000000, 0x00000000e2580000, 0x00000000f5b00000)
  object space 22016K, 37% used [0x00000000e1000000,0x00000000e182aaa8,0x00000000e2580000)
 Metaspace       used 8497K, capacity 8716K, committed 8960K, reserved 1056768K
  class space    used 890K, capacity 984K, committed 1024K, reserved 1048576K

Card table byte_map: [0x0000000011bf0000,0x0000000011cf0000] byte_map_base: 0x00000000114e8000

Marking Bits: (ParMarkBitMap*) 0x0000000065619f30
 Begin Bits: [0x00000000121a0000, 0x0000000012960000)
 End Bits:   [0x0000000012960000, 0x0000000013120000)

Polling page: 0x0000000002440000

CodeCache: size=245760Kb used=7173Kb max_used=7173Kb free=238586Kb
 bounds [0x0000000002830000, 0x0000000002f40000, 0x0000000011830000]
 total_blobs=1890 nmethods=1583 adapters=221
 compilation: enabled

Compilation events (10 events):
Event: 35.594 Thread 0x0000000013beb000 nmethod 1557 0x0000000002ee6550 code [0x0000000002ee67a0, 0x0000000002ee6868]
Event: 36.029 Thread 0x0000000015253000 1558       4       javassist.compiler.Parser::parseStatement (257 bytes)
Event: 36.037 Thread 0x0000000013beb000 1559       4       javassist.compiler.CodeGen::atStmnt (383 bytes)
Event: 36.190 Thread 0x0000000013beb000 nmethod 1559 0x0000000002f16790 code [0x0000000002f16aa0, 0x0000000002f18938]
Event: 36.190 Thread 0x0000000013beb000 1561       4       javassist.bytecode.NameAndTypeInfo::equals (42 bytes)
Event: 36.192 Thread 0x0000000013beb000 nmethod 1561 0x0000000002ef1690 code [0x0000000002ef17e0, 0x0000000002ef18b8]
Event: 36.192 Thread 0x0000000013beb000 1560       4       javassist.bytecode.stackmap.Tracer::doOpcode54_95 (734 bytes)
Event: 36.232 Thread 0x0000000013beb000 nmethod 1560 0x0000000002f12f90 code [0x0000000002f133c0, 0x0000000002f14170]
Event: 36.716 Thread 0x0000000013beb000 1562       4       javassist.compiler.CodeGen::isRefType (20 bytes)
Event: 36.719 Thread 0x0000000013beb000 nmethod 1562 0x0000000002e38110 code [0x0000000002e38240, 0x0000000002e38298]

GC Heap History (10 events):
Event: 19.592 GC heap before
{Heap before GC invocations=5 (full 0):
 PSYoungGen      total 9728K, used 9721K [0x00000000f5b00000, 0x00000000f6580000, 0x0000000100000000)
  eden space 8704K, 100% used [0x00000000f5b00000,0x00000000f6380000,0x00000000f6380000)
  from space 1024K, 99% used [0x00000000f6480000,0x00000000f657e578,0x00000000f6580000)
  to   space 1024K, 0% used [0x00000000f6380000,0x00000000f6380000,0x00000000f6480000)
 ParOldGen       total 22016K, used 4184K [0x00000000e1000000, 0x00000000e2580000, 0x00000000f5b00000)
  object space 22016K, 19% used [0x00000000e1000000,0x00000000e1416140,0x00000000e2580000)
 Metaspace       used 7909K, capacity 8140K, committed 8192K, reserved 1056768K
  class space    used 879K, capacity 984K, committed 1024K, reserved 1048576K
Event: 19.621 GC heap after
Heap after GC invocations=5 (full 0):
 PSYoungGen      total 9728K, used 1024K [0x00000000f5b00000, 0x00000000f7200000, 0x0000000100000000)
  eden space 8704K, 0% used [0x00000000f5b00000,0x00000000f5b00000,0x00000000f6380000)
  from space 1024K, 100% used [0x00000000f6380000,0x00000000f6480000,0x00000000f6480000)
  to   space 3072K, 0% used [0x00000000f6f00000,0x00000000f6f00000,0x00000000f7200000)
 ParOldGen       total 22016K, used 4656K [0x00000000e1000000, 0x00000000e2580000, 0x00000000f5b00000)
  object space 22016K, 21% used [0x00000000e1000000,0x00000000e148c188,0x00000000e2580000)
 Metaspace       used 7909K, capacity 8140K, committed 8192K, reserved 1056768K
  class space    used 879K, capacity 984K, committed 1024K, reserved 1048576K
}
Event: 21.432 GC heap before
{Heap before GC invocations=6 (full 0):
 PSYoungGen      total 9728K, used 9728K [0x00000000f5b00000, 0x00000000f7200000, 0x0000000100000000)
  eden space 8704K, 100% used [0x00000000f5b00000,0x00000000f6380000,0x00000000f6380000)
  from space 1024K, 100% used [0x00000000f6380000,0x00000000f6480000,0x00000000f6480000)
  to   space 3072K, 0% used [0x00000000f6f00000,0x00000000f6f00000,0x00000000f7200000)
 ParOldGen       total 22016K, used 4656K [0x00000000e1000000, 0x00000000e2580000, 0x00000000f5b00000)
  object space 22016K, 21% used [0x00000000e1000000,0x00000000e148c188,0x00000000e2580000)
 Metaspace       used 8065K, capacity 8332K, committed 8448K, reserved 1056768K
  class space    used 884K, capacity 984K, committed 1024K, reserved 1048576K
Event: 21.446 GC heap after
Heap after GC invocations=6 (full 0):
 PSYoungGen      total 20480K, used 2122K [0x00000000f5b00000, 0x00000000f7200000, 0x0000000100000000)
  eden space 17408K, 0% used [0x00000000f5b00000,0x00000000f5b00000,0x00000000f6c00000)
  from space 3072K, 69% used [0x00000000f6f00000,0x00000000f7112b48,0x00000000f7200000)
  to   space 3072K, 0% used [0x00000000f6c00000,0x00000000f6c00000,0x00000000f6f00000)
 ParOldGen       total 22016K, used 4664K [0x00000000e1000000, 0x00000000e2580000, 0x00000000f5b00000)
  object space 22016K, 21% used [0x00000000e1000000,0x00000000e148e188,0x00000000e2580000)
 Metaspace       used 8065K, capacity 8332K, committed 8448K, reserved 1056768K
  class space    used 884K, capacity 984K, committed 1024K, reserved 1048576K
}
Event: 24.637 GC heap before
{Heap before GC invocations=7 (full 0):
 PSYoungGen      total 20480K, used 19530K [0x00000000f5b00000, 0x00000000f7200000, 0x0000000100000000)
  eden space 17408K, 100% used [0x00000000f5b00000,0x00000000f6c00000,0x00000000f6c00000)
  from space 3072K, 69% used [0x00000000f6f00000,0x00000000f7112b48,0x00000000f7200000)
  to   space 3072K, 0% used [0x00000000f6c00000,0x00000000f6c00000,0x00000000f6f00000)
 ParOldGen       total 22016K, used 4664K [0x00000000e1000000, 0x00000000e2580000, 0x00000000f5b00000)
  object space 22016K, 21% used [0x00000000e1000000,0x00000000e148e188,0x00000000e2580000)
 Metaspace       used 8270K, capacity 8460K, committed 8704K, reserved 1056768K
  class space    used 887K, capacity 984K, committed 1024K, reserved 1048576K
Event: 24.839 GC heap after
Heap after GC invocations=7 (full 0):
 PSYoungGen      total 20480K, used 2384K [0x00000000f5b00000, 0x00000000f7200000, 0x0000000100000000)
  eden space 17408K, 0% used [0x00000000f5b00000,0x00000000f5b00000,0x00000000f6c00000)
  from space 3072K, 77% used [0x00000000f6c00000,0x00000000f6e541f8,0x00000000f6f00000)
  to   space 3072K, 0% used [0x00000000f6f00000,0x00000000f6f00000,0x00000000f7200000)
 ParOldGen       total 22016K, used 5357K [0x00000000e1000000, 0x00000000e2580000, 0x00000000f5b00000)
  object space 22016K, 24% used [0x00000000e1000000,0x00000000e153b710,0x00000000e2580000)
 Metaspace       used 8270K, capacity 8460K, committed 8704K, reserved 1056768K
  class space    used 887K, capacity 984K, committed 1024K, reserved 1048576K
}
Event: 30.967 GC heap before
{Heap before GC invocations=8 (full 0):
 PSYoungGen      total 20480K, used 19792K [0x00000000f5b00000, 0x00000000f7200000, 0x0000000100000000)
  eden space 17408K, 100% used [0x00000000f5b00000,0x00000000f6c00000,0x00000000f6c00000)
  from space 3072K, 77% used [0x00000000f6c00000,0x00000000f6e541f8,0x00000000f6f00000)
  to   space 3072K, 0% used [0x00000000f6f00000,0x00000000f6f00000,0x00000000f7200000)
 ParOldGen       total 22016K, used 5357K [0x00000000e1000000, 0x00000000e2580000, 0x00000000f5b00000)
  object space 22016K, 24% used [0x00000000e1000000,0x00000000e153b710,0x00000000e2580000)
 Metaspace       used 8348K, capacity 8524K, committed 8704K, reserved 1056768K
  class space    used 887K, capacity 984K, committed 1024K, reserved 1048576K
Event: 30.983 GC heap after
Heap after GC invocations=8 (full 0):
 PSYoungGen      total 20480K, used 2990K [0x00000000f5b00000, 0x00000000f7200000, 0x0000000100000000)
  eden space 17408K, 0% used [0x00000000f5b00000,0x00000000f5b00000,0x00000000f6c00000)
  from space 3072K, 97% used [0x00000000f6f00000,0x00000000f71ebb78,0x00000000f7200000)
  to   space 3072K, 0% used [0x00000000f6c00000,0x00000000f6c00000,0x00000000f6f00000)
 ParOldGen       total 22016K, used 5593K [0x00000000e1000000, 0x00000000e2580000, 0x00000000f5b00000)
  object space 22016K, 25% used [0x00000000e1000000,0x00000000e1576720,0x00000000e2580000)
 Metaspace       used 8348K, capacity 8524K, committed 8704K, reserved 1056768K
  class space    used 887K, capacity 984K, committed 1024K, reserved 1048576K
}
Event: 34.951 GC heap before
{Heap before GC invocations=9 (full 0):
 PSYoungGen      total 20480K, used 20398K [0x00000000f5b00000, 0x00000000f7200000, 0x0000000100000000)
  eden space 17408K, 100% used [0x00000000f5b00000,0x00000000f6c00000,0x00000000f6c00000)
  from space 3072K, 97% used [0x00000000f6f00000,0x00000000f71ebb78,0x00000000f7200000)
  to   space 3072K, 0% used [0x00000000f6c00000,0x00000000f6c00000,0x00000000f6f00000)
 ParOldGen       total 22016K, used 5593K [0x00000000e1000000, 0x00000000e2580000, 0x00000000f5b00000)
  object space 22016K, 25% used [0x00000000e1000000,0x00000000e1576720,0x00000000e2580000)
 Metaspace       used 8484K, capacity 8716K, committed 8960K, reserved 1056768K
  class space    used 890K, capacity 984K, committed 1024K, reserved 1048576K
Event: 34.966 GC heap after
Heap after GC invocations=9 (full 0):
 PSYoungGen      total 20480K, used 2366K [0x00000000f5b00000, 0x00000000f7d80000, 0x0000000100000000)
  eden space 17408K, 0% used [0x00000000f5b00000,0x00000000f5b00000,0x00000000f6c00000)
  from space 3072K, 77% used [0x00000000f6c00000,0x00000000f6e4f808,0x00000000f6f00000)
  to   space 3584K, 0% used [0x00000000f7a00000,0x00000000f7a00000,0x00000000f7d80000)
 ParOldGen       total 22016K, used 6524K [0x00000000e1000000, 0x00000000e2580000, 0x00000000f5b00000)
  object space 22016K, 29% used [0x00000000e1000000,0x00000000e165f218,0x00000000e2580000)
 Metaspace       used 8484K, capacity 8716K, committed 8960K, reserved 1056768K
  class space    used 890K, capacity 984K, committed 1024K, reserved 1048576K
}

Deoptimization events (10 events):
Event: 19.006 Thread 0x00000000025fe800 Uncommon trap: reason=unstable_if action=reinterpret pc=0x0000000002a3f8ac method=org.powermock.core.WildcardMatcher.matches(Ljava/lang/String;Ljava/lang/String;)Z @ 153
Event: 24.311 Thread 0x00000000025fe800 Uncommon trap: reason=unstable_if action=reinterpret pc=0x0000000002c1bfb4 method=javassist.bytecode.CodeIterator.nextOpcode([BI)I @ 29
Event: 24.428 Thread 0x00000000025fe800 Uncommon trap: reason=unstable_if action=reinterpret pc=0x0000000002c4ecc0 method=javassist.bytecode.LongVector.addElement(Ljavassist/bytecode/ConstInfo;)V @ 26
Event: 25.352 Thread 0x00000000025fe800 Uncommon trap: reason=unstable_if action=reinterpret pc=0x0000000002d2fa60 method=javassist.bytecode.stackmap.TypeData$TypeVar.fixTypes(Ljava/util/ArrayList;Ljavassist/ClassPool;)V @ 141
Event: 28.505 Thread 0x00000000025fe800 Uncommon trap: reason=unstable_if action=reinterpret pc=0x0000000002de9d70 method=javassist.bytecode.stackmap.TypeData$TypeVar.fixTypes(Ljava/util/ArrayList;Ljavassist/ClassPool;)V @ 141
Event: 31.353 Thread 0x00000000025fe800 Uncommon trap: reason=unstable_if action=reinterpret pc=0x0000000002dcc558 method=java.util.HashMap$TreeNode.find(ILjava/lang/Object;Ljava/lang/Class;)Ljava/util/HashMap$TreeNode; @ 71
Event: 31.394 Thread 0x00000000025fe800 Uncommon trap: reason=class_check action=maybe_recompile pc=0x0000000002d4ac5c method=javassist.bytecode.ClassInfo.equals(Ljava/lang/Object;)Z @ 1
Event: 31.394 Thread 0x00000000025fe800 Uncommon trap: reason=class_check action=maybe_recompile pc=0x0000000002d4ac5c method=javassist.bytecode.ClassInfo.equals(Ljava/lang/Object;)Z @ 1
Event: 31.396 Thread 0x00000000025fe800 Uncommon trap: reason=class_check action=maybe_recompile pc=0x0000000002d4ac5c method=javassist.bytecode.ClassInfo.equals(Ljava/lang/Object;)Z @ 1
Event: 31.408 Thread 0x00000000025fe800 Uncommon trap: reason=class_check action=maybe_recompile pc=0x0000000002d4ac5c method=javassist.bytecode.ClassInfo.equals(Ljava/lang/Object;)Z @ 1

Classes redefined (0 events):
No events

Internal exceptions (10 events):
Event: 1.850 Thread 0x00000000025fe800 Exception <a 'java/security/PrivilegedActionException'> (0x00000000f5fdb498) thrown at [D:\src\AOSP-openjdk-cygwin\jdk8u\hotspot\src\share\vm\prims\jvm.cpp, line 1508]
Event: 12.196 Thread 0x00000000025fe800 Exception <a 'java/lang/ClassNotFoundException': org/powermock/configuration/MockitoConfigurationBeanInfo> (0x00000000f5e831f0) thrown at [D:\src\AOSP-openjdk-cygwin\jdk8u\hotspot\src\share\vm\classfile\systemDictionary.cpp, line 210]
Event: 12.210 Thread 0x00000000025fe800 Exception <a 'java/lang/ClassNotFoundException': org/powermock/configuration/MockitoConfigurationCustomizer> (0x00000000f5ea6e88) thrown at [D:\src\AOSP-openjdk-cygwin\jdk8u\hotspot\src\share\vm\classfile\systemDictionary.cpp, line 210]
Event: 14.462 Thread 0x00000000025fe800 Exception <a 'java/lang/ArrayIndexOutOfBoundsException'> (0x00000000f5eb2ec0) thrown at [D:\src\AOSP-openjdk-cygwin\jdk8u\hotspot\src\share\vm\runtime\sharedRuntime.cpp, line 605]
Event: 14.749 Thread 0x00000000025fe800 Exception <a 'java/lang/ArrayIndexOutOfBoundsException'> (0x00000000f5eb4c30) thrown at [D:\src\AOSP-openjdk-cygwin\jdk8u\hotspot\src\share\vm\runtime\sharedRuntime.cpp, line 605]
Event: 15.959 Thread 0x00000000025fe800 Exception <a 'java/lang/ClassNotFoundException': org/powermock/configuration/PowerMockConfigurationBeanInfo> (0x00000000f5f523d8) thrown at [D:\src\AOSP-openjdk-cygwin\jdk8u\hotspot\src\share\vm\classfile\systemDictionary.cpp, line 210]
Event: 15.962 Thread 0x00000000025fe800 Exception <a 'java/lang/ClassNotFoundException': org/powermock/configuration/PowerMockConfigurationCustomizer> (0x00000000f5f76868) thrown at [D:\src\AOSP-openjdk-cygwin\jdk8u\hotspot\src\share\vm\classfile\systemDictionary.cpp, line 210]
Event: 15.963 Thread 0x00000000025fe800 Exception <a 'java/lang/ArrayIndexOutOfBoundsException'> (0x00000000f5f78950) thrown at [D:\src\AOSP-openjdk-cygwin\jdk8u\hotspot\src\share\vm\runtime\sharedRuntime.cpp, line 605]
Event: 16.598 Thread 0x00000000025fe800 Exception <a 'java/lang/NoSuchFieldError': method resolution failed> (0x00000000f5cc93a8) thrown at [D:\src\AOSP-openjdk-cygwin\jdk8u\hotspot\src\share\vm\prims\methodHandles.cpp, line 1167]
Event: 16.606 Thread 0x00000000025fe800 Exception <a 'java/lang/NoSuchFieldError': method resolution failed> (0x00000000f5cd7398) thrown at [D:\src\AOSP-openjdk-cygwin\jdk8u\hotspot\src\share\vm\prims\methodHandles.cpp, line 1167]

Events (10 events):
Event: 31.394 Thread 0x00000000025fe800 DEOPT PACKING pc=0x0000000002d4ac5c sp=0x00000000025765b0
Event: 31.394 Thread 0x00000000025fe800 DEOPT UNPACKING pc=0x000000000287557b sp=0x0000000002576548 mode 2
Event: 31.396 Thread 0x00000000025fe800 Uncommon trap: trap_request=0xffffffde fr.pc=0x0000000002d4ac5c
Event: 31.396 Thread 0x00000000025fe800 DEOPT PACKING pc=0x0000000002d4ac5c sp=0x00000000025765d0
Event: 31.397 Thread 0x00000000025fe800 DEOPT UNPACKING pc=0x000000000287557b sp=0x0000000002576568 mode 2
Event: 31.408 Thread 0x00000000025fe800 Uncommon trap: trap_request=0xffffffde fr.pc=0x0000000002d4ac5c
Event: 31.408 Thread 0x00000000025fe800 DEOPT PACKING pc=0x0000000002d4ac5c sp=0x0000000002576700
Event: 31.409 Thread 0x00000000025fe800 DEOPT UNPACKING pc=0x000000000287557b sp=0x0000000002576698 mode 2
Event: 34.951 Executing VM operation: ParallelGCFailedAllocation
Event: 34.966 Executing VM operation: ParallelGCFailedAllocation done


Dynamic libraries:
0x00007ff72dda0000 - 0x00007ff72ddd1000 	C:\Program Files\Android\Android Studio\jre\bin\java.exe
0x00007ff8a8920000 - 0x00007ff8a8afb000 	C:\WINDOWS\SYSTEM32\ntdll.dll
0x00007ff8a64e0000 - 0x00007ff8a658e000 	C:\WINDOWS\System32\KERNEL32.DLL
0x00007ff8a5300000 - 0x00007ff8a5549000 	C:\WINDOWS\System32\KERNELBASE.dll
0x00007ff8a6bc0000 - 0x00007ff8a6c61000 	C:\WINDOWS\System32\ADVAPI32.dll
0x00007ff8a69a0000 - 0x00007ff8a6a3d000 	C:\WINDOWS\System32\msvcrt.dll
0x00007ff8a6d20000 - 0x00007ff8a6d79000 	C:\WINDOWS\System32\sechost.dll
0x00007ff8a5e80000 - 0x00007ff8a5fa5000 	C:\WINDOWS\System32\RPCRT4.dll
0x00007ff8a6e20000 - 0x00007ff8a6f6a000 	C:\WINDOWS\System32\USER32.dll
0x00007ff8a5240000 - 0x00007ff8a525e000 	C:\WINDOWS\System32\win32u.dll
0x00007ff8a6f70000 - 0x00007ff8a6f97000 	C:\WINDOWS\System32\GDI32.dll
0x00007ff8a4ef0000 - 0x00007ff8a5078000 	C:\WINDOWS\System32\gdi32full.dll
0x00007ff8a5260000 - 0x00007ff8a52fa000 	C:\WINDOWS\System32\msvcp_win.dll
0x00007ff8a5080000 - 0x00007ff8a5176000 	C:\WINDOWS\System32\ucrtbase.dll
0x00007ff899170000 - 0x00007ff8993d7000 	C:\WINDOWS\WinSxS\amd64_microsoft.windows.common-controls_6595b64144ccf1df_6.0.15063.483_none_26002d27e7c744a2\COMCTL32.dll
0x00007ff8a6590000 - 0x00007ff8a6889000 	C:\WINDOWS\System32\combase.dll
0x00007ff8a5180000 - 0x00007ff8a51ea000 	C:\WINDOWS\System32\bcryptPrimitives.dll
0x00007ff8a6fa0000 - 0x00007ff8a6fcd000 	C:\WINDOWS\System32\IMM32.DLL
0x00000000656a0000 - 0x0000000065772000 	C:\Program Files\Android\Android Studio\jre\jre\bin\msvcr100.dll
0x0000000064e50000 - 0x0000000065696000 	C:\Program Files\Android\Android Studio\jre\jre\bin\server\jvm.dll
0x00007ff8a84d0000 - 0x00007ff8a84d8000 	C:\WINDOWS\System32\PSAPI.DLL
0x00007ff8a20a0000 - 0x00007ff8a20c3000 	C:\WINDOWS\SYSTEM32\WINMM.dll
0x00007ff8a2040000 - 0x00007ff8a206b000 	C:\WINDOWS\SYSTEM32\WINMMBASE.dll
0x00007ff8a51f0000 - 0x00007ff8a5239000 	C:\WINDOWS\System32\cfgmgr32.dll
0x00007ff89ee00000 - 0x00007ff89ee09000 	C:\WINDOWS\SYSTEM32\WSOCK32.dll
0x00007ff8a6440000 - 0x00007ff8a64ac000 	C:\WINDOWS\System32\WS2_32.dll
0x00007ff895070000 - 0x00007ff89507a000 	C:\WINDOWS\SYSTEM32\VERSION.dll
0x00007ff89e200000 - 0x00007ff89e20f000 	C:\Program Files\Android\Android Studio\jre\jre\bin\verify.dll
0x00007ff8968f0000 - 0x00007ff896919000 	C:\Program Files\Android\Android Studio\jre\jre\bin\java.dll
0x00007ff888530000 - 0x00007ff888553000 	C:\Program Files\Android\Android Studio\jre\jre\bin\instrument.dll
0x00007ff89d4b0000 - 0x00007ff89d4c6000 	C:\Program Files\Android\Android Studio\jre\jre\bin\zip.dll
0x00007ff8a6fd0000 - 0x00007ff8a8406000 	C:\WINDOWS\System32\SHELL32.dll
0x00007ff8a6c70000 - 0x00007ff8a6d1a000 	C:\WINDOWS\System32\shcore.dll
0x00007ff8a5550000 - 0x00007ff8a5c43000 	C:\WINDOWS\System32\windows.storage.dll
0x00007ff8a6010000 - 0x00007ff8a6061000 	C:\WINDOWS\System32\shlwapi.dll
0x00007ff8a4d90000 - 0x00007ff8a4da1000 	C:\WINDOWS\System32\kernel.appcore.dll
0x00007ff8a4dd0000 - 0x00007ff8a4e1c000 	C:\WINDOWS\System32\powrprof.dll
0x00007ff8a4db0000 - 0x00007ff8a4dc5000 	C:\WINDOWS\System32\profapi.dll
0x00007ff898150000 - 0x00007ff89816a000 	C:\Program Files\Android\Android Studio\bin\breakgen64.dll
0x00007ff89c960000 - 0x00007ff89c97a000 	C:\Program Files\Android\Android Studio\jre\jre\bin\net.dll
0x00007ff8a4640000 - 0x00007ff8a469c000 	C:\WINDOWS\system32\mswsock.dll

VM Arguments:
jvm_args: -ea -Didea.test.cyclic.buffer.size=1048576 -javaagent:C:\Program Files\Android\Android Studio\lib\idea_rt.jar=51583:C:\Program Files\Android\Android Studio\bin -Dfile.encoding=UTF-8 
java_command: com.intellij.rt.execution.junit.JUnitStarter -ideVersion5 com.pluralsight.candycoded._1_StartTheStoreInformationActivity
java_class_path (initial): C:\Program Files\Android\Android Studio\lib\idea_rt.jar;C:\Program Files\Android\Android Studio\plugins\junit\lib\junit-rt.jar;C:\Program Files\Android\Android Studio\plugins\junit\lib\junit5-rt.jar;C:\Users\grace\AppData\Local\Android\Sdk\platforms\android-25\data\res;C:\Users\grace\AndroidStudioProjects\Android-CandyCodedApplication\app\build\intermediates\classes\test\debug;C:\Users\grace\AndroidStudioProjects\Android-CandyCodedApplication\app\build\intermediates\classes\debug;C:\Users\grace\AndroidStudioProjects\Android-CandyCodedApplication\app\build\intermediates\sourceFolderJavaResources\test\debug;C:\Users\grace\AndroidStudioProjects\Android-CandyCodedApplication\app\build\generated\res\rs\debug;C:\Users\grace\AndroidStudioProjects\Android-CandyCodedApplication\app\build\generated\res\resValues\debug;C:\Users\grace\.gradle\caches\modules-2\files-2.1\org.hamcrest\hamcrest-library\1.3\4785a3c21320980282f9f33d0d1264a69040538f\hamcrest-library-1.3.jar;C:\Users\grace\.gradle\caches\modules-2\files-2.1\junit\junit\4.12\2973d150c0dc1fefe998f834810d68f278ea58ec\junit-4.12.jar;C:\Users\grace\.gradle\caches\modules-2\files-2.1\org.hamcrest\hamcrest-core\1.3\42a25dc3219429f0e5d060061f71acb49bf010a0\hamcrest-core-1.3.jar;C:\Users\grace\.gradle\caches\modules-2\files-2.1\org.powermock\powermock-module-junit4\1.7.1\b68666adbfc6a282a231f3af7a593aad3ee0e002\powermock-module-junit4-1.7.1.jar;C:\Users\grace\.gradle\caches\modules-2\files-2.1\org.powermock\powermock-module-junit4-common\1.7.1\cfd1f8fb63e50ae4c409ace696136ec3d595e832\powermock-module-junit4-common-1.7.1.jar;C:\Users\grace\.gradle\caches\modules-2\files-2.1\com.github.javaparser\javaparser-core\3.0.1\49c49fe9c0d1d21e4777bef6788a92ef15d2a241\javaparser-core-3.0.1.jar;C:\Users\grace\.gradle\caches\modules-2\files-2.1\org.powermock\powermock-api-mockito2\1.7.1\957158530a6e4552fa3addc979d62dcf3e1b1c74\powermock-api-mockito2-1.7.1.jar;C:\Users\grace\.gradle\caches\modules-2\files-2.1\org.
Launcher Type: SUN_STANDARD

Environment Variables:
PATH=C:\WINDOWS\system32;C:\WINDOWS;C:\WINDOWS\System32\Wbem;C:\WINDOWS\System32\WindowsPowerShell\v1.0\;C:\Program Files\Git\cmd;C:\Users\grace\AppData\Local\Microsoft\WindowsApps;
USERNAME=grace
OS=Windows_NT
PROCESSOR_IDENTIFIER=Intel64 Family 6 Model 76 Stepping 4, GenuineIntel



---------------  S Y S T E M  ---------------

OS: Windows 10.0 , 64 bit Build 15063 (10.0.15063.296)

CPU:total 4 (initial active 4) (4 cores per cpu, 1 threads per core) family 6 model 76 stepping 4, cmov, cx8, fxsr, mmx, sse, sse2, sse3, ssse3, sse4.1, sse4.2, popcnt, aes, clmul, erms, 3dnowpref, tsc, tscinvbit

Memory: 4k page, physical 2024448k(291088k free), swap 4301164k(4400k free)

vm_info: OpenJDK 64-Bit Server VM (25.202-b03) for windows-amd64 JRE (1.8.0_202-release-1483-b03), built by "builder" with MS VC++ 10.0 (VS2010)

time: Wed Oct 23 11:00:43 2019
timezone: W. Central Africa Standard Time
elapsed time: 39 seconds (0d 0h 0m 39s)

