#
# There is insufficient memory for the Java Runtime Environment to continue.
# Native memory allocation (malloc) failed to allocate 32744 bytes for ChunkPool::allocate
# Possible reasons:
#   The system is out of physical RAM or swap space
#   The process is running with CompressedOops enabled, and the Java Heap may be blocking the growth of the native heap
# Possible solutions:
#   Reduce memory load on the system
#   Increase physical memory or swap space
#   Check if swap backing store is full
#   Decrease Java heap size (-Xmx/-Xms)
#   Decrease number of Java threads
#   Decrease Java thread stack sizes (-Xss)
#   Set larger code cache with -XX:ReservedCodeCacheSize=
#   JVM is running with Unscaled Compressed Oops mode in which the Java heap is
#     placed in the first 4GB address space. The Java Heap base address is the
#     maximum limit for the native heap growth. Please use -XX:HeapBaseMinAddress
#     to set the Java Heap base and to place the Java Heap above 4GB virtual address.
# This output file may be truncated or incomplete.
#
#  Out of Memory Error (allocation.cpp:272), pid=4420, tid=0x0000000000000874
#
# JRE version: OpenJDK Runtime Environment (8.0_202-b03) (build 1.8.0_202-release-1483-b03)
# Java VM: OpenJDK 64-Bit Server VM (25.202-b03 mixed mode windows-amd64 compressed oops)
# Failed to write core dump. Minidumps are not enabled by default on client versions of Windows
#

---------------  T H R E A D  ---------------

Current thread (0x0000000013a18000):  JavaThread "C2 CompilerThread0" daemon [_thread_in_native, id=2164, stack(0x0000000015530000,0x0000000015630000)]

Stack: [0x0000000015530000,0x0000000015630000]
[error occurred during error reporting (printing stack bounds), id 0xc0000005]

Native frames: (J=compiled Java code, j=interpreted, Vv=VM code, C=native code)


Current CompileTask:
C2:  46655 1668       4       javassist.compiler.ast.Member::accept (6 bytes)


---------------  P R O C E S S  ---------------

Java Threads: ( => current thread )
  0x00000000150cc000 JavaThread "Service Thread" daemon [_thread_blocked, id=6852, stack(0x0000000015830000,0x0000000015930000)]
  0x0000000013a49000 JavaThread "C1 CompilerThread2" daemon [_thread_blocked, id=5980, stack(0x0000000015730000,0x0000000015830000)]
  0x0000000013a1a000 JavaThread "C2 CompilerThread1" daemon [_thread_in_native, id=936, stack(0x0000000015630000,0x0000000015730000)]
=>0x0000000013a18000 JavaThread "C2 CompilerThread0" daemon [_thread_in_native, id=2164, stack(0x0000000015530000,0x0000000015630000)]
  0x0000000015073800 JavaThread "Monitor Ctrl-Break" daemon [_thread_in_native, id=5952, stack(0x0000000015430000,0x0000000015530000)]
  0x00000000139f2000 JavaThread "Attach Listener" daemon [_thread_blocked, id=6828, stack(0x0000000014f30000,0x0000000015030000)]
  0x0000000013a03800 JavaThread "Signal Dispatcher" daemon [_thread_blocked, id=7056, stack(0x0000000014e30000,0x0000000014f30000)]
  0x00000000024bb800 JavaThread "Finalizer" daemon [_thread_blocked, id=1084, stack(0x0000000014c40000,0x0000000014d40000)]
  0x00000000139d9000 JavaThread "Reference Handler" daemon [_thread_blocked, id=6912, stack(0x0000000014b40000,0x0000000014c40000)]
  0x00000000023c8000 JavaThread "main" [_thread_in_native, id=1196, stack(0x0000000002240000,0x0000000002340000)]

Other Threads:
  0x00000000139b7000 VMThread [stack: 0x0000000014a40000,0x0000000014b40000] [id=5652]
  0x0000000015113800 WatcherThread [stack: 0x0000000015930000,0x0000000015a30000] [id=1028]

VM state:not at safepoint (normal execution)

VM Mutex/Monitor currently owned by a thread: None

heap address: 0x00000000e1000000, size: 496 MB, Compressed Oops mode: 32-bit
Narrow klass base: 0x0000000000000000, Narrow klass shift: 3
Compressed class space size: 1073741824 Address: 0x0000000100000000

Heap:
 PSYoungGen      total 74240K, used 22817K [0x00000000f5b00000, 0x00000000feb00000, 0x0000000100000000)
  eden space 69632K, 29% used [0x00000000f5b00000,0x00000000f6f484d8,0x00000000f9f00000)
  from space 4608K, 44% used [0x00000000f9f00000,0x00000000fa100000,0x00000000fa380000)
  to   space 4096K, 0% used [0x00000000fe700000,0x00000000fe700000,0x00000000feb00000)
 ParOldGen       total 22016K, used 8407K [0x00000000e1000000, 0x00000000e2580000, 0x00000000f5b00000)
  object space 22016K, 38% used [0x00000000e1000000,0x00000000e1835c08,0x00000000e2580000)
 Metaspace       used 8972K, capacity 9196K, committed 9216K, reserved 1056768K
  class space    used 936K, capacity 1016K, committed 1024K, reserved 1048576K

Card table byte_map: [0x0000000011a20000,0x0000000011b20000] byte_map_base: 0x0000000011318000

Marking Bits: (ParMarkBitMap*) 0x0000000065619f30
 Begin Bits: [0x0000000011fd0000, 0x0000000012790000)
 End Bits:   [0x0000000012790000, 0x0000000012f50000)

Polling page: 0x0000000000540000

CodeCache: size=245760Kb used=7707Kb max_used=7707Kb free=238052Kb
 bounds [0x0000000002660000, 0x0000000002df0000, 0x0000000011660000]
 total_blobs=2030 nmethods=1721 adapters=223
 compilation: enabled

Compilation events (10 events):
Event: 44.640 Thread 0x0000000013a49000 1722       3       javassist.bytecode.stackmap.MapMaker::validateTypeData (35 bytes)
Event: 44.641 Thread 0x0000000013a49000 nmethod 1722 0x0000000002dda850 code [0x0000000002dda9c0, 0x0000000002ddace8]
Event: 44.641 Thread 0x0000000013a49000 1724       3       javassist.bytecode.stackmap.MapMaker::recordTypeData (52 bytes)
Event: 44.642 Thread 0x0000000013a49000 nmethod 1724 0x0000000002ddae50 code [0x0000000002ddb000, 0x0000000002ddb6d8]
Event: 44.736 Thread 0x0000000013a49000 1725       3       javassist.bytecode.Descriptor::dataSize (165 bytes)
Event: 44.739 Thread 0x0000000013a49000 nmethod 1725 0x0000000002ddba90 code [0x0000000002ddbce0, 0x0000000002ddcc78]
Event: 44.749 Thread 0x0000000013a49000 1726       3       javassist.bytecode.stackmap.TypeData$BasicType::is2WordType (22 bytes)
Event: 44.750 Thread 0x0000000013a49000 nmethod 1726 0x0000000002db6510 code [0x0000000002db6660, 0x0000000002db6850]
Event: 44.804 Thread 0x0000000013a49000 1727       3       javassist.compiler.Parser::isBuiltinType (62 bytes)
Event: 44.805 Thread 0x0000000013a49000 nmethod 1727 0x0000000002ddd350 code [0x0000000002ddd4c0, 0x0000000002ddd7f0]

GC Heap History (10 events):
Event: 23.807 GC heap before
{Heap before GC invocations=3 (full 0):
 PSYoungGen      total 18432K, used 18432K [0x00000000f5b00000, 0x00000000f6e00000, 0x0000000100000000)
  eden space 17408K, 100% used [0x00000000f5b00000,0x00000000f6c00000,0x00000000f6c00000)
  from space 1024K, 100% used [0x00000000f6d00000,0x00000000f6e00000,0x00000000f6e00000)
  to   space 1024K, 0% used [0x00000000f6c00000,0x00000000f6c00000,0x00000000f6d00000)
 ParOldGen       total 22016K, used 1163K [0x00000000e1000000, 0x00000000e2580000, 0x00000000f5b00000)
  object space 22016K, 5% used [0x00000000e1000000,0x00000000e1122d50,0x00000000e2580000)
 Metaspace       used 7430K, capacity 7598K, committed 7936K, reserved 1056768K
  class space    used 829K, capacity 911K, committed 1024K, reserved 1048576K
Event: 23.841 GC heap after
Heap after GC invocations=3 (full 0):
 PSYoungGen      total 18432K, used 1024K [0x00000000f5b00000, 0x00000000f7f00000, 0x0000000100000000)
  eden space 17408K, 0% used [0x00000000f5b00000,0x00000000f5b00000,0x00000000f6c00000)
  from space 1024K, 100% used [0x00000000f6c00000,0x00000000f6d00000,0x00000000f6d00000)
  to   space 1024K, 0% used [0x00000000f7e00000,0x00000000f7e00000,0x00000000f7f00000)
 ParOldGen       total 22016K, used 4361K [0x00000000e1000000, 0x00000000e2580000, 0x00000000f5b00000)
  object space 22016K, 19% used [0x00000000e1000000,0x00000000e14426e0,0x00000000e2580000)
 Metaspace       used 7430K, capacity 7598K, committed 7936K, reserved 1056768K
  class space    used 829K, capacity 911K, committed 1024K, reserved 1048576K
}
Event: 32.755 GC heap before
{Heap before GC invocations=4 (full 0):
 PSYoungGen      total 18432K, used 18432K [0x00000000f5b00000, 0x00000000f7f00000, 0x0000000100000000)
  eden space 17408K, 100% used [0x00000000f5b00000,0x00000000f6c00000,0x00000000f6c00000)
  from space 1024K, 100% used [0x00000000f6c00000,0x00000000f6d00000,0x00000000f6d00000)
  to   space 1024K, 0% used [0x00000000f7e00000,0x00000000f7e00000,0x00000000f7f00000)
 ParOldGen       total 22016K, used 4361K [0x00000000e1000000, 0x00000000e2580000, 0x00000000f5b00000)
  object space 22016K, 19% used [0x00000000e1000000,0x00000000e14426e0,0x00000000e2580000)
 Metaspace       used 8098K, capacity 8332K, committed 8448K, reserved 1056768K
  class space    used 888K, capacity 984K, committed 1024K, reserved 1048576K
Event: 32.763 GC heap after
Heap after GC invocations=4 (full 0):
 PSYoungGen      total 35840K, used 1008K [0x00000000f5b00000, 0x00000000f7f00000, 0x0000000100000000)
  eden space 34816K, 0% used [0x00000000f5b00000,0x00000000f5b00000,0x00000000f7d00000)
  from space 1024K, 98% used [0x00000000f7e00000,0x00000000f7efc010,0x00000000f7f00000)
  to   space 1024K, 0% used [0x00000000f7d00000,0x00000000f7d00000,0x00000000f7e00000)
 ParOldGen       total 22016K, used 5661K [0x00000000e1000000, 0x00000000e2580000, 0x00000000f5b00000)
  object space 22016K, 25% used [0x00000000e1000000,0x00000000e1587698,0x00000000e2580000)
 Metaspace       used 8098K, capacity 8332K, committed 8448K, reserved 1056768K
  class space    used 888K, capacity 984K, committed 1024K, reserved 1048576K
}
Event: 38.648 GC heap before
{Heap before GC invocations=5 (full 0):
 PSYoungGen      total 35840K, used 35824K [0x00000000f5b00000, 0x00000000f7f00000, 0x0000000100000000)
  eden space 34816K, 100% used [0x00000000f5b00000,0x00000000f7d00000,0x00000000f7d00000)
  from space 1024K, 98% used [0x00000000f7e00000,0x00000000f7efc010,0x00000000f7f00000)
  to   space 1024K, 0% used [0x00000000f7d00000,0x00000000f7d00000,0x00000000f7e00000)
 ParOldGen       total 22016K, used 5661K [0x00000000e1000000, 0x00000000e2580000, 0x00000000f5b00000)
  object space 22016K, 25% used [0x00000000e1000000,0x00000000e1587698,0x00000000e2580000)
 Metaspace       used 8412K, capacity 8652K, committed 8704K, reserved 1056768K
  class space    used 894K, capacity 984K, committed 1024K, reserved 1048576K
Event: 38.661 GC heap after
Heap after GC invocations=5 (full 0):
 PSYoungGen      total 35840K, used 1024K [0x00000000f5b00000, 0x00000000fa800000, 0x0000000100000000)
  eden space 34816K, 0% used [0x00000000f5b00000,0x00000000f5b00000,0x00000000f7d00000)
  from space 1024K, 100% used [0x00000000f7d00000,0x00000000f7e00000,0x00000000f7e00000)
  to   space 4608K, 0% used [0x00000000fa380000,0x00000000fa380000,0x00000000fa800000)
 ParOldGen       total 22016K, used 7967K [0x00000000e1000000, 0x00000000e2580000, 0x00000000f5b00000)
  object space 22016K, 36% used [0x00000000e1000000,0x00000000e17c7c08,0x00000000e2580000)
 Metaspace       used 8412K, capacity 8652K, committed 8704K, reserved 1056768K
  class space    used 894K, capacity 984K, committed 1024K, reserved 1048576K
}
Event: 40.507 GC heap before
{Heap before GC invocations=6 (full 0):
 PSYoungGen      total 35840K, used 35840K [0x00000000f5b00000, 0x00000000fa800000, 0x0000000100000000)
  eden space 34816K, 100% used [0x00000000f5b00000,0x00000000f7d00000,0x00000000f7d00000)
  from space 1024K, 100% used [0x00000000f7d00000,0x00000000f7e00000,0x00000000f7e00000)
  to   space 4608K, 0% used [0x00000000fa380000,0x00000000fa380000,0x00000000fa800000)
 ParOldGen       total 22016K, used 7967K [0x00000000e1000000, 0x00000000e2580000, 0x00000000f5b00000)
  object space 22016K, 36% used [0x00000000e1000000,0x00000000e17c7c08,0x00000000e2580000)
 Metaspace       used 8572K, capacity 8780K, committed 8960K, reserved 1056768K
  class space    used 897K, capacity 984K, committed 1024K, reserved 1048576K
Event: 40.518 GC heap after
Heap after GC invocations=6 (full 0):
 PSYoungGen      total 74240K, used 1636K [0x00000000f5b00000, 0x00000000fa800000, 0x0000000100000000)
  eden space 69632K, 0% used [0x00000000f5b00000,0x00000000f5b00000,0x00000000f9f00000)
  from space 4608K, 35% used [0x00000000fa380000,0x00000000fa519350,0x00000000fa800000)
  to   space 4608K, 0% used [0x00000000f9f00000,0x00000000f9f00000,0x00000000fa380000)
 ParOldGen       total 22016K, used 7967K [0x00000000e1000000, 0x00000000e2580000, 0x00000000f5b00000)
  object space 22016K, 36% used [0x00000000e1000000,0x00000000e17c7c08,0x00000000e2580000)
 Metaspace       used 8572K, capacity 8780K, committed 8960K, reserved 1056768K
  class space    used 897K, capacity 984K, committed 1024K, reserved 1048576K
}
Event: 44.695 GC heap before
{Heap before GC invocations=7 (full 0):
 PSYoungGen      total 74240K, used 71268K [0x00000000f5b00000, 0x00000000fa800000, 0x0000000100000000)
  eden space 69632K, 100% used [0x00000000f5b00000,0x00000000f9f00000,0x00000000f9f00000)
  from space 4608K, 35% used [0x00000000fa380000,0x00000000fa519350,0x00000000fa800000)
  to   space 4608K, 0% used [0x00000000f9f00000,0x00000000f9f00000,0x00000000fa380000)
 ParOldGen       total 22016K, used 7967K [0x00000000e1000000, 0x00000000e2580000, 0x00000000f5b00000)
  object space 22016K, 36% used [0x00000000e1000000,0x00000000e17c7c08,0x00000000e2580000)
 Metaspace       used 8878K, capacity 9004K, committed 9216K, reserved 1056768K
  class space    used 933K, capacity 1016K, committed 1024K, reserved 1048576K
Event: 44.729 GC heap after
Heap after GC invocations=7 (full 0):
 PSYoungGen      total 74240K, used 2048K [0x00000000f5b00000, 0x00000000feb00000, 0x0000000100000000)
  eden space 69632K, 0% used [0x00000000f5b00000,0x00000000f5b00000,0x00000000f9f00000)
  from space 4608K, 44% used [0x00000000f9f00000,0x00000000fa100000,0x00000000fa380000)
  to   space 4096K, 0% used [0x00000000fe700000,0x00000000fe700000,0x00000000feb00000)
 ParOldGen       total 22016K, used 8407K [0x00000000e1000000, 0x00000000e2580000, 0x00000000f5b00000)
  object space 22016K, 38% used [0x00000000e1000000,0x00000000e1835c08,0x00000000e2580000)
 Metaspace       used 8878K, capacity 9004K, committed 9216K, reserved 1056768K
  class space    used 933K, capacity 1016K, committed 1024K, reserved 1048576K
}

Deoptimization events (10 events):
Event: 38.981 Thread 0x00000000023c8000 Uncommon trap: reason=class_check action=maybe_recompile pc=0x0000000002b66d1c method=javassist.bytecode.ClassInfo.equals(Ljava/lang/Object;)Z @ 1
Event: 42.629 Thread 0x00000000023c8000 Uncommon trap: reason=unstable_if action=reinterpret pc=0x0000000002ce57c4 method=javassist.bytecode.stackmap.Tracer.doOpcode148_201(I[BI)I @ 975
Event: 44.617 Thread 0x00000000023c8000 Uncommon trap: reason=unstable_if action=reinterpret pc=0x0000000002d9d93c method=javassist.bytecode.Descriptor.dataSize(Ljava/lang/String;Z)I @ 111
Event: 44.619 Thread 0x00000000023c8000 Uncommon trap: reason=unstable_if action=reinterpret pc=0x0000000002a58cdc method=javassist.bytecode.stackmap.TypeData$BasicType.is2WordType()Z @ 5
Event: 44.619 Thread 0x00000000023c8000 Uncommon trap: reason=unstable_if action=reinterpret pc=0x0000000002c5c00c method=javassist.bytecode.stackmap.Tracer.checkParamTypes(Ljava/lang/String;I)V @ 92
Event: 44.619 Thread 0x00000000023c8000 Uncommon trap: reason=unstable_if action=reinterpret pc=0x0000000002d5b5f0 method=javassist.bytecode.stackmap.MapMaker.validateTypeData([Ljavassist/bytecode/stackmap/TypeData;II)Ljavassist/bytecode/stackmap/TypeData; @ 8
Event: 44.619 Thread 0x00000000023c8000 Uncommon trap: reason=unstable_if action=reinterpret pc=0x0000000002c17390 method=javassist.bytecode.stackmap.MapMaker.validateTypeData([Ljavassist/bytecode/stackmap/TypeData;II)Ljavassist/bytecode/stackmap/TypeData; @ 8
Event: 44.619 Thread 0x00000000023c8000 Uncommon trap: reason=unstable_if action=reinterpret pc=0x0000000002b24518 method=javassist.bytecode.stackmap.TypeData$BasicType.is2WordType()Z @ 5
Event: 44.624 Thread 0x00000000023c8000 Uncommon trap: reason=unstable_if action=reinterpret pc=0x00000000029c4468 method=javassist.bytecode.stackmap.MapMaker.validateTypeData([Ljavassist/bytecode/stackmap/TypeData;II)Ljavassist/bytecode/stackmap/TypeData; @ 8
Event: 44.641 Thread 0x00000000023c8000 Uncommon trap: reason=unstable_if action=reinterpret pc=0x0000000002d9e2d0 method=javassist.compiler.Parser.isBuiltinType(I)Z @ 4

Classes redefined (0 events):
No events

Internal exceptions (10 events):
Event: 14.237 Thread 0x00000000023c8000 Exception <a 'java/lang/ClassNotFoundException': org/powermock/configuration/MockitoConfigurationBeanInfo> (0x00000000f5f1ff38) thrown at [D:\src\AOSP-openjdk-cygwin\jdk8u\hotspot\src\share\vm\classfile\systemDictionary.cpp, line 210]
Event: 14.249 Thread 0x00000000023c8000 Exception <a 'java/lang/ClassNotFoundException': org/powermock/configuration/MockitoConfigurationCustomizer> (0x00000000f5f43bb0) thrown at [D:\src\AOSP-openjdk-cygwin\jdk8u\hotspot\src\share\vm\classfile\systemDictionary.cpp, line 210]
Event: 18.495 Thread 0x00000000023c8000 Exception <a 'java/lang/ArrayIndexOutOfBoundsException'> (0x00000000f5f4fc50) thrown at [D:\src\AOSP-openjdk-cygwin\jdk8u\hotspot\src\share\vm\runtime\sharedRuntime.cpp, line 605]
Event: 18.784 Thread 0x00000000023c8000 Exception <a 'java/lang/ArrayIndexOutOfBoundsException'> (0x00000000f5f519c0) thrown at [D:\src\AOSP-openjdk-cygwin\jdk8u\hotspot\src\share\vm\runtime\sharedRuntime.cpp, line 605]
Event: 19.004 Thread 0x00000000023c8000 Exception <a 'java/lang/ClassNotFoundException': org/powermock/configuration/PowerMockConfigurationBeanInfo> (0x00000000f5fef9e8) thrown at [D:\src\AOSP-openjdk-cygwin\jdk8u\hotspot\src\share\vm\classfile\systemDictionary.cpp, line 210]
Event: 19.015 Thread 0x00000000023c8000 Exception <a 'java/lang/ClassNotFoundException': org/powermock/configuration/PowerMockConfigurationCustomizer> (0x00000000f6013e80) thrown at [D:\src\AOSP-openjdk-cygwin\jdk8u\hotspot\src\share\vm\classfile\systemDictionary.cpp, line 210]
Event: 19.016 Thread 0x00000000023c8000 Exception <a 'java/lang/ArrayIndexOutOfBoundsException'> (0x00000000f6015f68) thrown at [D:\src\AOSP-openjdk-cygwin\jdk8u\hotspot\src\share\vm\runtime\sharedRuntime.cpp, line 605]
Event: 21.192 Thread 0x00000000023c8000 Exception <a 'java/lang/NoSuchFieldError': method resolution failed> (0x00000000f5da0608) thrown at [D:\src\AOSP-openjdk-cygwin\jdk8u\hotspot\src\share\vm\prims\methodHandles.cpp, line 1167]
Event: 21.236 Thread 0x00000000023c8000 Exception <a 'java/lang/NoSuchFieldError': method resolution failed> (0x00000000f5dae598) thrown at [D:\src\AOSP-openjdk-cygwin\jdk8u\hotspot\src\share\vm\prims\methodHandles.cpp, line 1167]
Event: 38.663 Thread 0x00000000023c8000 Implicit null exception at 0x0000000002c4191f to 0x0000000002c423e5

Events (10 events):
Event: 44.619 Thread 0x00000000023c8000 DEOPT PACKING pc=0x0000000002b24518 sp=0x000000000233bc70
Event: 44.619 Thread 0x00000000023c8000 DEOPT UNPACKING pc=0x00000000026a557b sp=0x000000000233bbd8 mode 2
Event: 44.624 Thread 0x00000000023c8000 Uncommon trap: trap_request=0xffffff65 fr.pc=0x00000000029c4468
Event: 44.624 Thread 0x00000000023c8000 DEOPT PACKING pc=0x00000000029c4468 sp=0x000000000233bc20
Event: 44.624 Thread 0x00000000023c8000 DEOPT UNPACKING pc=0x00000000026a557b sp=0x000000000233bbd0 mode 2
Event: 44.641 Thread 0x00000000023c8000 Uncommon trap: trap_request=0xffffff65 fr.pc=0x0000000002d9e2d0
Event: 44.641 Thread 0x00000000023c8000 DEOPT PACKING pc=0x0000000002d9e2d0 sp=0x000000000233b840
Event: 44.641 Thread 0x00000000023c8000 DEOPT UNPACKING pc=0x00000000026a557b sp=0x000000000233b7d8 mode 2
Event: 44.695 Executing VM operation: ParallelGCFailedAllocation
Event: 44.729 Executing VM operation: ParallelGCFailedAllocation done


Dynamic libraries:
0x00007ff72dda0000 - 0x00007ff72ddd1000 	C:\Program Files\Android\Android Studio\jre\bin\java.exe
0x00007ff8a8920000 - 0x00007ff8a8afb000 	C:\WINDOWS\SYSTEM32\ntdll.dll
0x00007ff8a64e0000 - 0x00007ff8a658e000 	C:\WINDOWS\System32\KERNEL32.DLL
0x00007ff8a5300000 - 0x00007ff8a5549000 	C:\WINDOWS\System32\KERNELBASE.dll
0x00007ff8a6bc0000 - 0x00007ff8a6c61000 	C:\WINDOWS\System32\ADVAPI32.dll
0x00007ff8a69a0000 - 0x00007ff8a6a3d000 	C:\WINDOWS\System32\msvcrt.dll
0x00007ff8a6d20000 - 0x00007ff8a6d79000 	C:\WINDOWS\System32\sechost.dll
0x00007ff8a5e80000 - 0x00007ff8a5fa5000 	C:\WINDOWS\System32\RPCRT4.dll
0x00007ff8a6e20000 - 0x00007ff8a6f6a000 	C:\WINDOWS\System32\USER32.dll
0x00007ff8a5240000 - 0x00007ff8a525e000 	C:\WINDOWS\System32\win32u.dll
0x00007ff8a6f70000 - 0x00007ff8a6f97000 	C:\WINDOWS\System32\GDI32.dll
0x00007ff8a4ef0000 - 0x00007ff8a5078000 	C:\WINDOWS\System32\gdi32full.dll
0x00007ff8a5260000 - 0x00007ff8a52fa000 	C:\WINDOWS\System32\msvcp_win.dll
0x00007ff8a5080000 - 0x00007ff8a5176000 	C:\WINDOWS\System32\ucrtbase.dll
0x00007ff899170000 - 0x00007ff8993d7000 	C:\WINDOWS\WinSxS\amd64_microsoft.windows.common-controls_6595b64144ccf1df_6.0.15063.483_none_26002d27e7c744a2\COMCTL32.dll
0x00007ff8a6590000 - 0x00007ff8a6889000 	C:\WINDOWS\System32\combase.dll
0x00007ff8a5180000 - 0x00007ff8a51ea000 	C:\WINDOWS\System32\bcryptPrimitives.dll
0x00007ff8a6fa0000 - 0x00007ff8a6fcd000 	C:\WINDOWS\System32\IMM32.DLL
0x00000000656a0000 - 0x0000000065772000 	C:\Program Files\Android\Android Studio\jre\jre\bin\msvcr100.dll
0x0000000064e50000 - 0x0000000065696000 	C:\Program Files\Android\Android Studio\jre\jre\bin\server\jvm.dll
0x00007ff8a84d0000 - 0x00007ff8a84d8000 	C:\WINDOWS\System32\PSAPI.DLL
0x00007ff89ee00000 - 0x00007ff89ee09000 	C:\WINDOWS\SYSTEM32\WSOCK32.dll
0x00007ff8a6440000 - 0x00007ff8a64ac000 	C:\WINDOWS\System32\WS2_32.dll
0x00007ff8a20a0000 - 0x00007ff8a20c3000 	C:\WINDOWS\SYSTEM32\WINMM.dll
0x00007ff895070000 - 0x00007ff89507a000 	C:\WINDOWS\SYSTEM32\VERSION.dll
0x00007ff8a2040000 - 0x00007ff8a206b000 	C:\WINDOWS\SYSTEM32\WINMMBASE.dll
0x00007ff8a51f0000 - 0x00007ff8a5239000 	C:\WINDOWS\System32\cfgmgr32.dll
0x00007ff89e200000 - 0x00007ff89e20f000 	C:\Program Files\Android\Android Studio\jre\jre\bin\verify.dll
0x00007ff8968f0000 - 0x00007ff896919000 	C:\Program Files\Android\Android Studio\jre\jre\bin\java.dll
0x00007ff89a130000 - 0x00007ff89a153000 	C:\Program Files\Android\Android Studio\jre\jre\bin\instrument.dll
0x00007ff89d4b0000 - 0x00007ff89d4c6000 	C:\Program Files\Android\Android Studio\jre\jre\bin\zip.dll
0x00007ff8a6fd0000 - 0x00007ff8a8406000 	C:\WINDOWS\System32\SHELL32.dll
0x00007ff8a6c70000 - 0x00007ff8a6d1a000 	C:\WINDOWS\System32\shcore.dll
0x00007ff8a5550000 - 0x00007ff8a5c43000 	C:\WINDOWS\System32\windows.storage.dll
0x00007ff8a6010000 - 0x00007ff8a6061000 	C:\WINDOWS\System32\shlwapi.dll
0x00007ff8a4d90000 - 0x00007ff8a4da1000 	C:\WINDOWS\System32\kernel.appcore.dll
0x00007ff8a4dd0000 - 0x00007ff8a4e1c000 	C:\WINDOWS\System32\powrprof.dll
0x00007ff8a4db0000 - 0x00007ff8a4dc5000 	C:\WINDOWS\System32\profapi.dll
0x00007ff89a050000 - 0x00007ff89a06a000 	C:\Program Files\Android\Android Studio\bin\breakgen64.dll
0x00007ff89c960000 - 0x00007ff89c97a000 	C:\Program Files\Android\Android Studio\jre\jre\bin\net.dll
0x00007ff8a4640000 - 0x00007ff8a469c000 	C:\WINDOWS\system32\mswsock.dll

VM Arguments:
jvm_args: -ea -Didea.test.cyclic.buffer.size=1048576 -javaagent:C:\Program Files\Android\Android Studio\lib\idea_rt.jar=52775:C:\Program Files\Android\Android Studio\bin -Dfile.encoding=UTF-8 
java_command: com.intellij.rt.execution.junit.JUnitStarter -ideVersion5 -junit4 @w@C:\Users\grace\AppData\Local\Temp\idea_working_dirs_junit.tmp @C:\Users\grace\AppData\Local\Temp\idea_junit.tmp
java_class_path (initial): C:\Program Files\Android\Android Studio\lib\idea_rt.jar;C:\Program Files\Android\Android Studio\plugins\junit\lib\junit-rt.jar;C:\Program Files\Android\Android Studio\plugins\junit\lib\junit5-rt.jar;C:\Users\grace\AppData\Local\Android\Sdk\platforms\android-25\data\res;C:\Users\grace\AndroidStudioProjects\Android-CandyCodedApplication\app\build\intermediates\classes\test\debug;C:\Users\grace\AndroidStudioProjects\Android-CandyCodedApplication\app\build\intermediates\classes\debug;C:\Users\grace\AndroidStudioProjects\Android-CandyCodedApplication\app\build\intermediates\sourceFolderJavaResources\test\debug;C:\Users\grace\AndroidStudioProjects\Android-CandyCodedApplication\app\build\generated\res\rs\debug;C:\Users\grace\AndroidStudioProjects\Android-CandyCodedApplication\app\build\generated\res\resValues\debug;C:\Users\grace\.gradle\caches\modules-2\files-2.1\org.hamcrest\hamcrest-library\1.3\4785a3c21320980282f9f33d0d1264a69040538f\hamcrest-library-1.3.jar;C:\Users\grace\.gradle\caches\modules-2\files-2.1\junit\junit\4.12\2973d150c0dc1fefe998f834810d68f278ea58ec\junit-4.12.jar;C:\Users\grace\.gradle\caches\modules-2\files-2.1\org.hamcrest\hamcrest-core\1.3\42a25dc3219429f0e5d060061f71acb49bf010a0\hamcrest-core-1.3.jar;C:\Users\grace\.gradle\caches\modules-2\files-2.1\org.powermock\powermock-module-junit4\1.7.1\b68666adbfc6a282a231f3af7a593aad3ee0e002\powermock-module-junit4-1.7.1.jar;C:\Users\grace\.gradle\caches\modules-2\files-2.1\org.powermock\powermock-module-junit4-common\1.7.1\cfd1f8fb63e50ae4c409ace696136ec3d595e832\powermock-module-junit4-common-1.7.1.jar;C:\Users\grace\.gradle\caches\modules-2\files-2.1\com.github.javaparser\javaparser-core\3.0.1\49c49fe9c0d1d21e4777bef6788a92ef15d2a241\javaparser-core-3.0.1.jar;C:\Users\grace\.gradle\caches\modules-2\files-2.1\org.powermock\powermock-api-mockito2\1.7.1\957158530a6e4552fa3addc979d62dcf3e1b1c74\powermock-api-mockito2-1.7.1.jar;C:\Users\grace\.gradle\caches\modules-2\files-2.1\org.
Launcher Type: SUN_STANDARD

Environment Variables:
PATH=C:\WINDOWS\system32;C:\WINDOWS;C:\WINDOWS\System32\Wbem;C:\WINDOWS\System32\WindowsPowerShell\v1.0\;C:\Program Files\Git\cmd;C:\Users\grace\AppData\Local\Microsoft\WindowsApps;
USERNAME=grace
OS=Windows_NT
PROCESSOR_IDENTIFIER=Intel64 Family 6 Model 76 Stepping 4, GenuineIntel



---------------  S Y S T E M  ---------------

OS: Windows 10.0 , 64 bit Build 15063 (10.0.15063.296)

CPU:total 4 (initial active 4) (4 cores per cpu, 1 threads per core) family 6 model 76 stepping 4, cmov, cx8, fxsr, mmx, sse, sse2, sse3, ssse3, sse4.1, sse4.2, popcnt, aes, clmul, erms, 3dnowpref, tsc, tscinvbit

Memory: 4k page, physical 2024448k(174876k free), swap 4490332k(1548k free)

vm_info: OpenJDK 64-Bit Server VM (25.202-b03) for windows-amd64 JRE (1.8.0_202-release-1483-b03), built by "builder" with MS VC++ 10.0 (VS2010)

time: Wed Oct 23 13:32:18 2019
timezone: W. Central Africa Standard Time
elapsed time: 46 seconds (0d 0h 0m 46s)

