#
# There is insufficient memory for the Java Runtime Environment to continue.
# Native memory allocation (malloc) failed to allocate 487216 bytes for Chunk::new
# Possible reasons:
#   The system is out of physical RAM or swap space
#   The process is running with CompressedOops enabled, and the Java Heap may be blocking the growth of the native heap
# Possible solutions:
#   Reduce memory load on the system
#   Increase physical memory or swap space
#   Check if swap backing store is full
#   Decrease Java heap size (-Xmx/-Xms)
#   Decrease number of Java threads
#   Decrease Java thread stack sizes (-Xss)
#   Set larger code cache with -XX:ReservedCodeCacheSize=
#   JVM is running with Unscaled Compressed Oops mode in which the Java heap is
#     placed in the first 4GB address space. The Java Heap base address is the
#     maximum limit for the native heap growth. Please use -XX:HeapBaseMinAddress
#     to set the Java Heap base and to place the Java Heap above 4GB virtual address.
# This output file may be truncated or incomplete.
#
#  Out of Memory Error (allocation.cpp:389), pid=2064, tid=0x00000000000008f4
#
# JRE version: OpenJDK Runtime Environment (8.0_202-b03) (build 1.8.0_202-release-1483-b03)
# Java VM: OpenJDK 64-Bit Server VM (25.202-b03 mixed mode windows-amd64 compressed oops)
# Failed to write core dump. Minidumps are not enabled by default on client versions of Windows
#

---------------  T H R E A D  ---------------

Current thread (0x0000000015d93000):  JavaThread "C2 CompilerThread0" daemon [_thread_in_native, id=2292, stack(0x0000000016250000,0x0000000016350000)]

Stack: [0x0000000016250000,0x0000000016350000]
[error occurred during error reporting (printing stack bounds), id 0xc0000005]

Native frames: (J=compiled Java code, j=interpreted, Vv=VM code, C=native code)


Current CompileTask:
C2:  62265 1532       4       javassist.CtClassType::subtypeOf (150 bytes)


---------------  P R O C E S S  ---------------

Java Threads: ( => current thread )
  0x000000001475e800 JavaThread "Service Thread" daemon [_thread_blocked, id=4896, stack(0x0000000016550000,0x0000000016650000)]
  0x000000001472d800 JavaThread "C1 CompilerThread2" daemon [_thread_blocked, id=3796, stack(0x0000000016450000,0x0000000016550000)]
  0x000000001472a800 JavaThread "C2 CompilerThread1" daemon [_thread_in_native, id=2104, stack(0x0000000016350000,0x0000000016450000)]
=>0x0000000015d93000 JavaThread "C2 CompilerThread0" daemon [_thread_in_native, id=2292, stack(0x0000000016250000,0x0000000016350000)]
  0x0000000014724000 JavaThread "Monitor Ctrl-Break" daemon [_thread_in_native, id=2264, stack(0x0000000016150000,0x0000000016250000)]
  0x0000000014703800 JavaThread "Attach Listener" daemon [_thread_blocked, id=2092, stack(0x0000000015c50000,0x0000000015d50000)]
  0x0000000014702000 JavaThread "Signal Dispatcher" daemon [_thread_blocked, id=5112, stack(0x0000000015b50000,0x0000000015c50000)]
  0x00000000031cb800 JavaThread "Finalizer" daemon [_thread_blocked, id=3868, stack(0x0000000015960000,0x0000000015a60000)]
  0x00000000146e9000 JavaThread "Reference Handler" daemon [_thread_blocked, id=6868, stack(0x0000000015860000,0x0000000015960000)]
  0x0000000002ece800 JavaThread "main" [_thread_in_Java, id=5020, stack(0x0000000002fd0000,0x00000000030d0000)]

Other Threads:
  0x00000000146c6800 VMThread [stack: 0x0000000015760000,0x0000000015860000] [id=5732]
  0x0000000015dc7000 WatcherThread [stack: 0x0000000016650000,0x0000000016750000] [id=3472]

VM state:not at safepoint (normal execution)

VM Mutex/Monitor currently owned by a thread: None

heap address: 0x00000000e1000000, size: 496 MB, Compressed Oops mode: 32-bit
Narrow klass base: 0x0000000000000000, Narrow klass shift: 3
Compressed class space size: 1073741824 Address: 0x0000000100000000

Heap:
 PSYoungGen      total 26112K, used 21811K [0x00000000f5b00000, 0x00000000f7780000, 0x0000000100000000)
  eden space 23040K, 93% used [0x00000000f5b00000,0x00000000f7014c30,0x00000000f7180000)
  from space 3072K, 7% used [0x00000000f7480000,0x00000000f74b8000,0x00000000f7780000)
  to   space 3072K, 0% used [0x00000000f7180000,0x00000000f7180000,0x00000000f7480000)
 ParOldGen       total 22016K, used 8476K [0x00000000e1000000, 0x00000000e2580000, 0x00000000f5b00000)
  object space 22016K, 38% used [0x00000000e1000000,0x00000000e1847160,0x00000000e2580000)
 Metaspace       used 8678K, capacity 8844K, committed 8960K, reserved 1056768K
  class space    used 889K, capacity 984K, committed 1024K, reserved 1048576K

Card table byte_map: [0x0000000012730000,0x0000000012830000] byte_map_base: 0x0000000012028000

Marking Bits: (ParMarkBitMap*) 0x0000000065619f30
 Begin Bits: [0x0000000012ce0000, 0x00000000134a0000)
 End Bits:   [0x00000000134a0000, 0x0000000013c60000)

Polling page: 0x0000000002e90000

CodeCache: size=245760Kb used=6615Kb max_used=6615Kb free=239144Kb
 bounds [0x0000000003370000, 0x00000000039f0000, 0x0000000012370000]
 total_blobs=1901 nmethods=1594 adapters=221
 compilation: enabled

Compilation events (10 events):
Event: 60.576 Thread 0x000000001472d800 1549       3       javassist.CtField::getSignature (8 bytes)
Event: 60.577 Thread 0x000000001472d800 nmethod 1549 0x000000000398ee90 code [0x000000000398f020, 0x000000000398f5c8]
Event: 60.608 Thread 0x000000001472d800 1552       3       javassist.bytecode.stackmap.Tracer::<init> (61 bytes)
Event: 60.609 Thread 0x000000001472d800 nmethod 1552 0x00000000039a1390 code [0x00000000039a1520, 0x00000000039a17f8]
Event: 60.619 Thread 0x000000001472d800 1553       3       javassist.bytecode.StackMapTable$Shifter::appendFrame (7 bytes)
Event: 60.619 Thread 0x000000001472d800 nmethod 1553 0x000000000398ea50 code [0x000000000398ebc0, 0x000000000398edc8]
Event: 60.627 Thread 0x000000001472d800 1554       3       javassist.bytecode.stackmap.TypeData::commonSuperClassEx (141 bytes)
Event: 60.631 Thread 0x000000001472d800 nmethod 1554 0x00000000039aa390 code [0x00000000039aa6c0, 0x00000000039abe48]
Event: 60.700 Thread 0x000000001472d800 1556 %     3       javassist.bytecode.CodeIterator::write @ 6 (32 bytes)
Event: 60.701 Thread 0x000000001472d800 nmethod 1556% 0x000000000398e350 code [0x000000000398e4c0, 0x000000000398e790]

GC Heap History (10 events):
Event: 58.952 GC heap before
{Heap before GC invocations=8 (full 0):
 PSYoungGen      total 11776K, used 10060K [0x00000000f5b00000, 0x00000000f6980000, 0x0000000100000000)
  eden space 8704K, 100% used [0x00000000f5b00000,0x00000000f6380000,0x00000000f6380000)
  from space 3072K, 44% used [0x00000000f6380000,0x00000000f64d3090,0x00000000f6680000)
  to   space 3072K, 0% used [0x00000000f6680000,0x00000000f6680000,0x00000000f6980000)
 ParOldGen       total 22016K, used 5340K [0x00000000e1000000, 0x00000000e2580000, 0x00000000f5b00000)
  object space 22016K, 24% used [0x00000000e1000000,0x00000000e1537110,0x00000000e2580000)
 Metaspace       used 8268K, capacity 8524K, committed 8704K, reserved 1056768K
  class space    used 883K, capacity 984K, committed 1024K, reserved 1048576K
Event: 58.958 GC heap after
Heap after GC invocations=8 (full 0):
 PSYoungGen      total 11776K, used 1725K [0x00000000f5b00000, 0x00000000f7200000, 0x0000000100000000)
  eden space 8704K, 0% used [0x00000000f5b00000,0x00000000f5b00000,0x00000000f6380000)
  from space 3072K, 56% used [0x00000000f6680000,0x00000000f682f550,0x00000000f6980000)
  to   space 3072K, 0% used [0x00000000f6380000,0x00000000f6380000,0x00000000f6680000)
 ParOldGen       total 22016K, used 5600K [0x00000000e1000000, 0x00000000e2580000, 0x00000000f5b00000)
  object space 22016K, 25% used [0x00000000e1000000,0x00000000e1578120,0x00000000e2580000)
 Metaspace       used 8268K, capacity 8524K, committed 8704K, reserved 1056768K
  class space    used 883K, capacity 984K, committed 1024K, reserved 1048576K
}
Event: 59.253 GC heap before
{Heap before GC invocations=9 (full 0):
 PSYoungGen      total 11776K, used 10429K [0x00000000f5b00000, 0x00000000f7200000, 0x0000000100000000)
  eden space 8704K, 100% used [0x00000000f5b00000,0x00000000f6380000,0x00000000f6380000)
  from space 3072K, 56% used [0x00000000f6680000,0x00000000f682f550,0x00000000f6980000)
  to   space 3072K, 0% used [0x00000000f6380000,0x00000000f6380000,0x00000000f6680000)
 ParOldGen       total 22016K, used 5600K [0x00000000e1000000, 0x00000000e2580000, 0x00000000f5b00000)
  object space 22016K, 25% used [0x00000000e1000000,0x00000000e1578120,0x00000000e2580000)
 Metaspace       used 8310K, capacity 8588K, committed 8704K, reserved 1056768K
  class space    used 883K, capacity 984K, committed 1024K, reserved 1048576K
Event: 59.263 GC heap after
Heap after GC invocations=9 (full 0):
 PSYoungGen      total 11776K, used 1683K [0x00000000f5b00000, 0x00000000f6f00000, 0x0000000100000000)
  eden space 8704K, 0% used [0x00000000f5b00000,0x00000000f5b00000,0x00000000f6380000)
  from space 3072K, 54% used [0x00000000f6380000,0x00000000f6524c20,0x00000000f6680000)
  to   space 3072K, 0% used [0x00000000f6c00000,0x00000000f6c00000,0x00000000f6f00000)
 ParOldGen       total 22016K, used 6120K [0x00000000e1000000, 0x00000000e2580000, 0x00000000f5b00000)
  object space 22016K, 27% used [0x00000000e1000000,0x00000000e15fa150,0x00000000e2580000)
 Metaspace       used 8310K, capacity 8588K, committed 8704K, reserved 1056768K
  class space    used 883K, capacity 984K, committed 1024K, reserved 1048576K
}
Event: 59.534 GC heap before
{Heap before GC invocations=10 (full 0):
 PSYoungGen      total 11776K, used 10387K [0x00000000f5b00000, 0x00000000f6f00000, 0x0000000100000000)
  eden space 8704K, 100% used [0x00000000f5b00000,0x00000000f6380000,0x00000000f6380000)
  from space 3072K, 54% used [0x00000000f6380000,0x00000000f6524c20,0x00000000f6680000)
  to   space 3072K, 0% used [0x00000000f6c00000,0x00000000f6c00000,0x00000000f6f00000)
 ParOldGen       total 22016K, used 6120K [0x00000000e1000000, 0x00000000e2580000, 0x00000000f5b00000)
  object space 22016K, 27% used [0x00000000e1000000,0x00000000e15fa150,0x00000000e2580000)
 Metaspace       used 8346K, capacity 8588K, committed 8704K, reserved 1056768K
  class space    used 883K, capacity 984K, committed 1024K, reserved 1048576K
Event: 59.550 GC heap after
Heap after GC invocations=10 (full 0):
 PSYoungGen      total 17408K, used 800K [0x00000000f5b00000, 0x00000000f6f00000, 0x0000000100000000)
  eden space 14336K, 0% used [0x00000000f5b00000,0x00000000f5b00000,0x00000000f6900000)
  from space 3072K, 26% used [0x00000000f6c00000,0x00000000f6cc8000,0x00000000f6f00000)
  to   space 3072K, 0% used [0x00000000f6900000,0x00000000f6900000,0x00000000f6c00000)
 ParOldGen       total 22016K, used 7133K [0x00000000e1000000, 0x00000000e2580000, 0x00000000f5b00000)
  object space 22016K, 32% used [0x00000000e1000000,0x00000000e16f75b0,0x00000000e2580000)
 Metaspace       used 8346K, capacity 8588K, committed 8704K, reserved 1056768K
  class space    used 883K, capacity 984K, committed 1024K, reserved 1048576K
}
Event: 60.174 GC heap before
{Heap before GC invocations=11 (full 0):
 PSYoungGen      total 17408K, used 15136K [0x00000000f5b00000, 0x00000000f6f00000, 0x0000000100000000)
  eden space 14336K, 100% used [0x00000000f5b00000,0x00000000f6900000,0x00000000f6900000)
  from space 3072K, 26% used [0x00000000f6c00000,0x00000000f6cc8000,0x00000000f6f00000)
  to   space 3072K, 0% used [0x00000000f6900000,0x00000000f6900000,0x00000000f6c00000)
 ParOldGen       total 22016K, used 7133K [0x00000000e1000000, 0x00000000e2580000, 0x00000000f5b00000)
  object space 22016K, 32% used [0x00000000e1000000,0x00000000e16f75b0,0x00000000e2580000)
 Metaspace       used 8484K, capacity 8716K, committed 8960K, reserved 1056768K
  class space    used 886K, capacity 984K, committed 1024K, reserved 1048576K
Event: 60.180 GC heap after
Heap after GC invocations=11 (full 0):
 PSYoungGen      total 17408K, used 516K [0x00000000f5b00000, 0x00000000f6f00000, 0x0000000100000000)
  eden space 14336K, 0% used [0x00000000f5b00000,0x00000000f5b00000,0x00000000f6900000)
  from space 3072K, 16% used [0x00000000f6900000,0x00000000f6981350,0x00000000f6c00000)
  to   space 3072K, 0% used [0x00000000f6c00000,0x00000000f6c00000,0x00000000f6f00000)
 ParOldGen       total 22016K, used 7833K [0x00000000e1000000, 0x00000000e2580000, 0x00000000f5b00000)
  object space 22016K, 35% used [0x00000000e1000000,0x00000000e17a67d0,0x00000000e2580000)
 Metaspace       used 8484K, capacity 8716K, committed 8960K, reserved 1056768K
  class space    used 886K, capacity 984K, committed 1024K, reserved 1048576K
}
Event: 60.612 GC heap before
{Heap before GC invocations=12 (full 0):
 PSYoungGen      total 17408K, used 14852K [0x00000000f5b00000, 0x00000000f6f00000, 0x0000000100000000)
  eden space 14336K, 100% used [0x00000000f5b00000,0x00000000f6900000,0x00000000f6900000)
  from space 3072K, 16% used [0x00000000f6900000,0x00000000f6981350,0x00000000f6c00000)
  to   space 3072K, 0% used [0x00000000f6c00000,0x00000000f6c00000,0x00000000f6f00000)
 ParOldGen       total 22016K, used 7833K [0x00000000e1000000, 0x00000000e2580000, 0x00000000f5b00000)
  object space 22016K, 35% used [0x00000000e1000000,0x00000000e17a67d0,0x00000000e2580000)
 Metaspace       used 8494K, capacity 8716K, committed 8960K, reserved 1056768K
  class space    used 886K, capacity 984K, committed 1024K, reserved 1048576K
Event: 60.615 GC heap after
Heap after GC invocations=12 (full 0):
 PSYoungGen      total 17408K, used 96K [0x00000000f5b00000, 0x00000000f7780000, 0x0000000100000000)
  eden space 14336K, 0% used [0x00000000f5b00000,0x00000000f5b00000,0x00000000f6900000)
  from space 3072K, 3% used [0x00000000f6c00000,0x00000000f6c18000,0x00000000f6f00000)
  to   space 3072K, 0% used [0x00000000f6900000,0x00000000f6900000,0x00000000f6c00000)
 ParOldGen       total 22016K, used 8276K [0x00000000e1000000, 0x00000000e2580000, 0x00000000f5b00000)
  object space 22016K, 37% used [0x00000000e1000000,0x00000000e1815160,0x00000000e2580000)
 Metaspace       used 8494K, capacity 8716K, committed 8960K, reserved 1056768K
  class space    used 886K, capacity 984K, committed 1024K, reserved 1048576K
}

Deoptimization events (10 events):
Event: 59.383 Thread 0x0000000002ece800 Uncommon trap: reason=bimorphic action=maybe_recompile pc=0x000000000376d2a0 method=javassist.ClassPool.get(Ljava/lang/String;)Ljavassist/CtClass; @ 30
Event: 59.566 Thread 0x0000000002ece800 Uncommon trap: reason=class_check action=maybe_recompile pc=0x0000000003829328 method=javassist.bytecode.Utf8Info.equals(Ljava/lang/Object;)Z @ 1
Event: 59.567 Thread 0x0000000002ece800 Uncommon trap: reason=class_check action=maybe_recompile pc=0x0000000003829328 method=javassist.bytecode.Utf8Info.equals(Ljava/lang/Object;)Z @ 1
Event: 59.567 Thread 0x0000000002ece800 Uncommon trap: reason=class_check action=maybe_recompile pc=0x0000000003829328 method=javassist.bytecode.Utf8Info.equals(Ljava/lang/Object;)Z @ 1
Event: 59.567 Thread 0x0000000002ece800 Uncommon trap: reason=class_check action=maybe_recompile pc=0x0000000003829328 method=javassist.bytecode.Utf8Info.equals(Ljava/lang/Object;)Z @ 1
Event: 59.708 Thread 0x0000000002ece800 Uncommon trap: reason=unstable_if action=reinterpret pc=0x000000000391e7cc method=java.util.HashMap$TreeNode.find(ILjava/lang/Object;Ljava/lang/Class;)Ljava/util/HashMap$TreeNode; @ 71
Event: 59.735 Thread 0x0000000002ece800 Uncommon trap: reason=class_check action=maybe_recompile pc=0x000000000391945c method=javassist.bytecode.ClassInfo.equals(Ljava/lang/Object;)Z @ 1
Event: 59.735 Thread 0x0000000002ece800 Uncommon trap: reason=class_check action=maybe_recompile pc=0x000000000391945c method=javassist.bytecode.ClassInfo.equals(Ljava/lang/Object;)Z @ 1
Event: 59.738 Thread 0x0000000002ece800 Uncommon trap: reason=class_check action=maybe_recompile pc=0x000000000391945c method=javassist.bytecode.ClassInfo.equals(Ljava/lang/Object;)Z @ 1
Event: 59.761 Thread 0x0000000002ece800 Uncommon trap: reason=class_check action=maybe_recompile pc=0x000000000391945c method=javassist.bytecode.ClassInfo.equals(Ljava/lang/Object;)Z @ 1

Classes redefined (0 events):
No events

Internal exceptions (10 events):
Event: 37.342 Thread 0x0000000002ece800 Exception <a 'java/lang/ClassNotFoundException': org/powermock/configuration/MockitoConfigurationBeanInfo> (0x00000000f5e46b80) thrown at [D:\src\AOSP-openjdk-cygwin\jdk8u\hotspot\src\share\vm\classfile\systemDictionary.cpp, line 210]
Event: 37.347 Thread 0x0000000002ece800 Exception <a 'java/lang/ClassNotFoundException': org/powermock/configuration/MockitoConfigurationCustomizer> (0x00000000f5e6a7c0) thrown at [D:\src\AOSP-openjdk-cygwin\jdk8u\hotspot\src\share\vm\classfile\systemDictionary.cpp, line 210]
Event: 38.416 Thread 0x0000000002ece800 Exception <a 'java/lang/ArrayIndexOutOfBoundsException'> (0x00000000f5e767f8) thrown at [D:\src\AOSP-openjdk-cygwin\jdk8u\hotspot\src\share\vm\runtime\sharedRuntime.cpp, line 605]
Event: 38.510 Thread 0x0000000002ece800 Exception <a 'java/lang/ArrayIndexOutOfBoundsException'> (0x00000000f5e78568) thrown at [D:\src\AOSP-openjdk-cygwin\jdk8u\hotspot\src\share\vm\runtime\sharedRuntime.cpp, line 605]
Event: 41.792 Thread 0x0000000002ece800 Exception <a 'java/lang/ClassNotFoundException': org/powermock/configuration/PowerMockConfigurationBeanInfo> (0x00000000f5f15fa0) thrown at [D:\src\AOSP-openjdk-cygwin\jdk8u\hotspot\src\share\vm\classfile\systemDictionary.cpp, line 210]
Event: 41.796 Thread 0x0000000002ece800 Exception <a 'java/lang/ClassNotFoundException': org/powermock/configuration/PowerMockConfigurationCustomizer> (0x00000000f5f3a488) thrown at [D:\src\AOSP-openjdk-cygwin\jdk8u\hotspot\src\share\vm\classfile\systemDictionary.cpp, line 210]
Event: 41.797 Thread 0x0000000002ece800 Exception <a 'java/lang/ArrayIndexOutOfBoundsException'> (0x00000000f5f3c570) thrown at [D:\src\AOSP-openjdk-cygwin\jdk8u\hotspot\src\share\vm\runtime\sharedRuntime.cpp, line 605]
Event: 49.764 Thread 0x0000000002ece800 Exception <a 'java/lang/NoSuchFieldError': method resolution failed> (0x00000000f5c88788) thrown at [D:\src\AOSP-openjdk-cygwin\jdk8u\hotspot\src\share\vm\prims\methodHandles.cpp, line 1167]
Event: 49.796 Thread 0x0000000002ece800 Exception <a 'java/lang/NoSuchFieldError': method resolution failed> (0x00000000f5c96748) thrown at [D:\src\AOSP-openjdk-cygwin\jdk8u\hotspot\src\share\vm\prims\methodHandles.cpp, line 1167]
Event: 58.040 Thread 0x0000000002ece800 Implicit null exception at 0x000000000377d00d to 0x000000000377d761

Events (10 events):
Event: 59.767 Thread 0x0000000002ece800 DEOPT PACKING pc=0x0000000003786dd5 sp=0x00000000030c8de0
Event: 59.767 Thread 0x0000000002ece800 DEOPT UNPACKING pc=0x00000000033b71d0 sp=0x00000000030c8b70 mode 0
Event: 60.173 Executing VM operation: ParallelGCFailedAllocation
Event: 60.180 Executing VM operation: ParallelGCFailedAllocation done
Event: 60.359 Thread 0x0000000002ece800 DEOPT PACKING pc=0x000000000374869b sp=0x00000000030c32e0
Event: 60.359 Thread 0x0000000002ece800 DEOPT UNPACKING pc=0x00000000033b71d0 sp=0x00000000030c2fc0 mode 0
Event: 60.608 Thread 0x0000000002ece800 DEOPT PACKING pc=0x00000000037623db sp=0x00000000030c34d0
Event: 60.608 Thread 0x0000000002ece800 DEOPT UNPACKING pc=0x00000000033b71d0 sp=0x00000000030c3190 mode 0
Event: 60.612 Executing VM operation: ParallelGCFailedAllocation
Event: 60.616 Executing VM operation: ParallelGCFailedAllocation done


Dynamic libraries:
0x00007ff72dda0000 - 0x00007ff72ddd1000 	C:\Program Files\Android\Android Studio\jre\bin\java.exe
0x00007ff8a8920000 - 0x00007ff8a8afb000 	C:\WINDOWS\SYSTEM32\ntdll.dll
0x00007ff8a64e0000 - 0x00007ff8a658e000 	C:\WINDOWS\System32\KERNEL32.DLL
0x00007ff8a5300000 - 0x00007ff8a5549000 	C:\WINDOWS\System32\KERNELBASE.dll
0x00007ff8a6bc0000 - 0x00007ff8a6c61000 	C:\WINDOWS\System32\ADVAPI32.dll
0x00007ff8a69a0000 - 0x00007ff8a6a3d000 	C:\WINDOWS\System32\msvcrt.dll
0x00007ff8a6d20000 - 0x00007ff8a6d79000 	C:\WINDOWS\System32\sechost.dll
0x00007ff8a5e80000 - 0x00007ff8a5fa5000 	C:\WINDOWS\System32\RPCRT4.dll
0x00007ff8a6e20000 - 0x00007ff8a6f6a000 	C:\WINDOWS\System32\USER32.dll
0x00007ff8a5240000 - 0x00007ff8a525e000 	C:\WINDOWS\System32\win32u.dll
0x00007ff8a6f70000 - 0x00007ff8a6f97000 	C:\WINDOWS\System32\GDI32.dll
0x00007ff8a4ef0000 - 0x00007ff8a5078000 	C:\WINDOWS\System32\gdi32full.dll
0x00007ff8a5260000 - 0x00007ff8a52fa000 	C:\WINDOWS\System32\msvcp_win.dll
0x00007ff8a5080000 - 0x00007ff8a5176000 	C:\WINDOWS\System32\ucrtbase.dll
0x00007ff899170000 - 0x00007ff8993d7000 	C:\WINDOWS\WinSxS\amd64_microsoft.windows.common-controls_6595b64144ccf1df_6.0.15063.483_none_26002d27e7c744a2\COMCTL32.dll
0x00007ff8a6590000 - 0x00007ff8a6889000 	C:\WINDOWS\System32\combase.dll
0x00007ff8a5180000 - 0x00007ff8a51ea000 	C:\WINDOWS\System32\bcryptPrimitives.dll
0x00007ff8a6fa0000 - 0x00007ff8a6fcd000 	C:\WINDOWS\System32\IMM32.DLL
0x00000000656a0000 - 0x0000000065772000 	C:\Program Files\Android\Android Studio\jre\jre\bin\msvcr100.dll
0x0000000064e50000 - 0x0000000065696000 	C:\Program Files\Android\Android Studio\jre\jre\bin\server\jvm.dll
0x00007ff8a20a0000 - 0x00007ff8a20c3000 	C:\WINDOWS\SYSTEM32\WINMM.dll
0x00007ff895070000 - 0x00007ff89507a000 	C:\WINDOWS\SYSTEM32\VERSION.dll
0x00007ff8a2040000 - 0x00007ff8a206b000 	C:\WINDOWS\SYSTEM32\WINMMBASE.dll
0x00007ff8a51f0000 - 0x00007ff8a5239000 	C:\WINDOWS\System32\cfgmgr32.dll
0x00007ff8a84d0000 - 0x00007ff8a84d8000 	C:\WINDOWS\System32\PSAPI.DLL
0x00007ff89ee00000 - 0x00007ff89ee09000 	C:\WINDOWS\SYSTEM32\WSOCK32.dll
0x00007ff8a6440000 - 0x00007ff8a64ac000 	C:\WINDOWS\System32\WS2_32.dll
0x00007ff89e200000 - 0x00007ff89e20f000 	C:\Program Files\Android\Android Studio\jre\jre\bin\verify.dll
0x00007ff8968f0000 - 0x00007ff896919000 	C:\Program Files\Android\Android Studio\jre\jre\bin\java.dll
0x00007ff897c60000 - 0x00007ff897c83000 	C:\Program Files\Android\Android Studio\jre\jre\bin\instrument.dll
0x00007ff89d4b0000 - 0x00007ff89d4c6000 	C:\Program Files\Android\Android Studio\jre\jre\bin\zip.dll
0x00007ff8a6fd0000 - 0x00007ff8a8406000 	C:\WINDOWS\System32\SHELL32.dll
0x00007ff8a6c70000 - 0x00007ff8a6d1a000 	C:\WINDOWS\System32\shcore.dll
0x00007ff8a5550000 - 0x00007ff8a5c43000 	C:\WINDOWS\System32\windows.storage.dll
0x00007ff8a6010000 - 0x00007ff8a6061000 	C:\WINDOWS\System32\shlwapi.dll
0x00007ff8a4d90000 - 0x00007ff8a4da1000 	C:\WINDOWS\System32\kernel.appcore.dll
0x00007ff8a4dd0000 - 0x00007ff8a4e1c000 	C:\WINDOWS\System32\powrprof.dll
0x00007ff8a4db0000 - 0x00007ff8a4dc5000 	C:\WINDOWS\System32\profapi.dll
0x00007ff89a1f0000 - 0x00007ff89a20a000 	C:\Program Files\Android\Android Studio\bin\breakgen64.dll
0x00007ff89c960000 - 0x00007ff89c97a000 	C:\Program Files\Android\Android Studio\jre\jre\bin\net.dll
0x00007ff8a4640000 - 0x00007ff8a469c000 	C:\WINDOWS\system32\mswsock.dll

VM Arguments:
jvm_args: -ea -Didea.test.cyclic.buffer.size=1048576 -javaagent:C:\Program Files\Android\Android Studio\lib\idea_rt.jar=53482:C:\Program Files\Android\Android Studio\bin -Dfile.encoding=UTF-8 
java_command: com.intellij.rt.execution.junit.JUnitStarter -ideVersion5 -junit4 com.pluralsight.candycoded._4_ShareACandyWithAnIntent
java_class_path (initial): C:\Program Files\Android\Android Studio\lib\idea_rt.jar;C:\Program Files\Android\Android Studio\plugins\junit\lib\junit-rt.jar;C:\Program Files\Android\Android Studio\plugins\junit\lib\junit5-rt.jar;C:\Users\grace\AppData\Local\Android\Sdk\platforms\android-25\data\res;C:\Users\grace\AndroidStudioProjects\Android-CandyCodedApplication\app\build\intermediates\classes\test\debug;C:\Users\grace\AndroidStudioProjects\Android-CandyCodedApplication\app\build\intermediates\classes\debug;C:\Users\grace\AndroidStudioProjects\Android-CandyCodedApplication\app\build\intermediates\sourceFolderJavaResources\test\debug;C:\Users\grace\AndroidStudioProjects\Android-CandyCodedApplication\app\build\generated\res\rs\debug;C:\Users\grace\AndroidStudioProjects\Android-CandyCodedApplication\app\build\generated\res\resValues\debug;C:\Users\grace\.gradle\caches\modules-2\files-2.1\org.hamcrest\hamcrest-library\1.3\4785a3c21320980282f9f33d0d1264a69040538f\hamcrest-library-1.3.jar;C:\Users\grace\.gradle\caches\modules-2\files-2.1\junit\junit\4.12\2973d150c0dc1fefe998f834810d68f278ea58ec\junit-4.12.jar;C:\Users\grace\.gradle\caches\modules-2\files-2.1\org.hamcrest\hamcrest-core\1.3\42a25dc3219429f0e5d060061f71acb49bf010a0\hamcrest-core-1.3.jar;C:\Users\grace\.gradle\caches\modules-2\files-2.1\org.powermock\powermock-module-junit4\1.7.1\b68666adbfc6a282a231f3af7a593aad3ee0e002\powermock-module-junit4-1.7.1.jar;C:\Users\grace\.gradle\caches\modules-2\files-2.1\org.powermock\powermock-module-junit4-common\1.7.1\cfd1f8fb63e50ae4c409ace696136ec3d595e832\powermock-module-junit4-common-1.7.1.jar;C:\Users\grace\.gradle\caches\modules-2\files-2.1\com.github.javaparser\javaparser-core\3.0.1\49c49fe9c0d1d21e4777bef6788a92ef15d2a241\javaparser-core-3.0.1.jar;C:\Users\grace\.gradle\caches\modules-2\files-2.1\org.powermock\powermock-api-mockito2\1.7.1\957158530a6e4552fa3addc979d62dcf3e1b1c74\powermock-api-mockito2-1.7.1.jar;C:\Users\grace\.gradle\caches\modules-2\files-2.1\org.
Launcher Type: SUN_STANDARD

Environment Variables:
PATH=C:\WINDOWS\system32;C:\WINDOWS;C:\WINDOWS\System32\Wbem;C:\WINDOWS\System32\WindowsPowerShell\v1.0\;C:\Program Files\Git\cmd;C:\Users\grace\AppData\Local\Microsoft\WindowsApps;
USERNAME=grace
OS=Windows_NT
PROCESSOR_IDENTIFIER=Intel64 Family 6 Model 76 Stepping 4, GenuineIntel



---------------  S Y S T E M  ---------------

OS: Windows 10.0 , 64 bit Build 15063 (10.0.15063.296)

CPU:total 4 (initial active 4) (4 cores per cpu, 1 threads per core) family 6 model 76 stepping 4, cmov, cx8, fxsr, mmx, sse, sse2, sse3, ssse3, sse4.1, sse4.2, popcnt, aes, clmul, erms, 3dnowpref, tsc, tscinvbit

Memory: 4k page, physical 2024448k(334040k free), swap 4504656k(6956k free)

vm_info: OpenJDK 64-Bit Server VM (25.202-b03) for windows-amd64 JRE (1.8.0_202-release-1483-b03), built by "builder" with MS VC++ 10.0 (VS2010)

time: Wed Oct 23 14:24:11 2019
timezone: W. Central Africa Standard Time
elapsed time: 63 seconds (0d 0h 1m 3s)

