#
# There is insufficient memory for the Java Runtime Environment to continue.
# Native memory allocation (malloc) failed to allocate 1249136 bytes for Chunk::new
# Possible reasons:
#   The system is out of physical RAM or swap space
#   The process is running with CompressedOops enabled, and the Java Heap may be blocking the growth of the native heap
# Possible solutions:
#   Reduce memory load on the system
#   Increase physical memory or swap space
#   Check if swap backing store is full
#   Decrease Java heap size (-Xmx/-Xms)
#   Decrease number of Java threads
#   Decrease Java thread stack sizes (-Xss)
#   Set larger code cache with -XX:ReservedCodeCacheSize=
#   JVM is running with Unscaled Compressed Oops mode in which the Java heap is
#     placed in the first 4GB address space. The Java Heap base address is the
#     maximum limit for the native heap growth. Please use -XX:HeapBaseMinAddress
#     to set the Java Heap base and to place the Java Heap above 4GB virtual address.
# This output file may be truncated or incomplete.
#
#  Out of Memory Error (allocation.cpp:389), pid=5744, tid=0x0000000000001934
#
# JRE version: OpenJDK Runtime Environment (8.0_202-b03) (build 1.8.0_202-release-1483-b03)
# Java VM: OpenJDK 64-Bit Server VM (25.202-b03 mixed mode windows-amd64 compressed oops)
# Failed to write core dump. Minidumps are not enabled by default on client versions of Windows
#

---------------  T H R E A D  ---------------

Current thread (0x00000000146d3000):  JavaThread "C2 CompilerThread0" daemon [_thread_in_native, id=6452, stack(0x0000000016210000,0x0000000016310000)]

Stack: [0x0000000016210000,0x0000000016310000]
[error occurred during error reporting (printing stack bounds), id 0xc0000005]

Native frames: (J=compiled Java code, j=interpreted, Vv=VM code, C=native code)


Current CompileTask:
C2:  17582 1449       4       javassist.bytecode.stackmap.Tracer::doOpcode148_201 (1104 bytes)


---------------  P R O C E S S  ---------------

Java Threads: ( => current thread )
  0x000000001470e000 JavaThread "Service Thread" daemon [_thread_blocked, id=5584, stack(0x0000000016510000,0x0000000016610000)]
  0x00000000146db000 JavaThread "C1 CompilerThread2" daemon [_thread_blocked, id=6992, stack(0x0000000016410000,0x0000000016510000)]
  0x00000000146da800 JavaThread "C2 CompilerThread1" daemon [_thread_in_native, id=4032, stack(0x0000000016310000,0x0000000016410000)]
=>0x00000000146d3000 JavaThread "C2 CompilerThread0" daemon [_thread_in_native, id=6452, stack(0x0000000016210000,0x0000000016310000)]
  0x0000000015d53000 JavaThread "Monitor Ctrl-Break" daemon [_thread_in_native, id=5304, stack(0x0000000016110000,0x0000000016210000)]
  0x00000000146b9000 JavaThread "Attach Listener" daemon [_thread_blocked, id=3936, stack(0x0000000015c10000,0x0000000015d10000)]
  0x00000000146bd000 JavaThread "Signal Dispatcher" daemon [_thread_blocked, id=5996, stack(0x0000000015b10000,0x0000000015c10000)]
  0x00000000031ec000 JavaThread "Finalizer" daemon [_thread_blocked, id=6596, stack(0x0000000015920000,0x0000000015a20000)]
  0x0000000014699000 JavaThread "Reference Handler" daemon [_thread_blocked, id=1976, stack(0x0000000015820000,0x0000000015920000)]
  0x00000000030f8000 JavaThread "main" [_thread_in_native, id=5828, stack(0x0000000002ff0000,0x00000000030f0000)]

Other Threads:
  0x0000000014677000 VMThread [stack: 0x0000000015720000,0x0000000015820000] [id=3108]
  0x0000000015dc0800 WatcherThread [stack: 0x0000000016610000,0x0000000016710000] [id=5060]

VM state:not at safepoint (normal execution)

VM Mutex/Monitor currently owned by a thread: None

heap address: 0x00000000e1000000, size: 496 MB, Compressed Oops mode: 32-bit
Narrow klass base: 0x0000000000000000, Narrow klass shift: 3
Compressed class space size: 1073741824 Address: 0x0000000100000000

Heap:
 PSYoungGen      total 11776K, used 4220K [0x00000000f5b00000, 0x00000000f6a00000, 0x0000000100000000)
  eden space 8192K, 49% used [0x00000000f5b00000,0x00000000f5eff310,0x00000000f6300000)
  from space 3584K, 3% used [0x00000000f6300000,0x00000000f6320000,0x00000000f6680000)
  to   space 3584K, 0% used [0x00000000f6680000,0x00000000f6680000,0x00000000f6a00000)
 ParOldGen       total 22016K, used 8859K [0x00000000e1000000, 0x00000000e2580000, 0x00000000f5b00000)
  object space 22016K, 40% used [0x00000000e1000000,0x00000000e18a6cd0,0x00000000e2580000)
 Metaspace       used 8555K, capacity 8780K, committed 8960K, reserved 1056768K
  class space    used 897K, capacity 984K, committed 1024K, reserved 1048576K

Card table byte_map: [0x00000000126e0000,0x00000000127e0000] byte_map_base: 0x0000000011fd8000

Marking Bits: (ParMarkBitMap*) 0x0000000065619f30
 Begin Bits: [0x0000000012c90000, 0x0000000013450000)
 End Bits:   [0x0000000013450000, 0x0000000013c10000)

Polling page: 0x0000000001610000

CodeCache: size=245760Kb used=6555Kb max_used=6566Kb free=239204Kb
 bounds [0x0000000003320000, 0x0000000003990000, 0x0000000012320000]
 total_blobs=1877 nmethods=1570 adapters=221
 compilation: enabled

Compilation events (10 events):
Event: 16.750 Thread 0x00000000146db000 nmethod 1575 0x000000000396b9d0 code [0x000000000396bb60, 0x000000000396bf30]
Event: 16.753 Thread 0x00000000146db000 1576       3       javassist.compiler.JvstCodeGen::atReturnStmnt (77 bytes)
Event: 16.757 Thread 0x00000000146db000 nmethod 1576 0x0000000003986550 code [0x00000000039867c0, 0x0000000003987728]
Event: 16.757 Thread 0x00000000146db000 1577       3       javassist.compiler.CodeGen::atReturnStmnt2 (144 bytes)
Event: 16.760 Thread 0x00000000146db000 nmethod 1577 0x0000000003988090 code [0x00000000039882c0, 0x0000000003989038]
Event: 16.832 Thread 0x00000000146db000 1578       3       javassist.compiler.Parser::parseReturn (66 bytes)
Event: 16.834 Thread 0x00000000146db000 nmethod 1578 0x000000000396abd0 code [0x000000000396adc0, 0x000000000396b588]
Event: 16.868 Thread 0x00000000146da800 1579       4       java.util.HashMap$ValueIterator::next (8 bytes)
Event: 16.944 Thread 0x00000000146db000 1583       3       sun.misc.JarIndex::get (49 bytes)
Event: 17.492 Thread 0x00000000146db000 nmethod 1583 0x00000000039896d0 code [0x00000000039898a0, 0x000000000398a118]

GC Heap History (10 events):
Event: 14.914 GC heap before
{Heap before GC invocations=9 (full 0):
 PSYoungGen      total 11776K, used 10244K [0x00000000f5b00000, 0x00000000f6980000, 0x0000000100000000)
  eden space 8704K, 100% used [0x00000000f5b00000,0x00000000f6380000,0x00000000f6380000)
  from space 3072K, 50% used [0x00000000f6680000,0x00000000f6801100,0x00000000f6980000)
  to   space 3072K, 0% used [0x00000000f6380000,0x00000000f6380000,0x00000000f6680000)
 ParOldGen       total 22016K, used 6166K [0x00000000e1000000, 0x00000000e2580000, 0x00000000f5b00000)
  object space 22016K, 28% used [0x00000000e1000000,0x00000000e1605ab8,0x00000000e2580000)
 Metaspace       used 8348K, capacity 8588K, committed 8704K, reserved 1056768K
  class space    used 895K, capacity 984K, committed 1024K, reserved 1048576K
Event: 14.922 GC heap after
Heap after GC invocations=9 (full 0):
 PSYoungGen      total 11776K, used 1779K [0x00000000f5b00000, 0x00000000f6980000, 0x0000000100000000)
  eden space 8704K, 0% used [0x00000000f5b00000,0x00000000f5b00000,0x00000000f6380000)
  from space 3072K, 57% used [0x00000000f6380000,0x00000000f653cc20,0x00000000f6680000)
  to   space 3072K, 0% used [0x00000000f6680000,0x00000000f6680000,0x00000000f6980000)
 ParOldGen       total 22016K, used 6542K [0x00000000e1000000, 0x00000000e2580000, 0x00000000f5b00000)
  object space 22016K, 29% used [0x00000000e1000000,0x00000000e1663ac8,0x00000000e2580000)
 Metaspace       used 8348K, capacity 8588K, committed 8704K, reserved 1056768K
  class space    used 895K, capacity 984K, committed 1024K, reserved 1048576K
}
Event: 15.426 GC heap before
{Heap before GC invocations=10 (full 0):
 PSYoungGen      total 11776K, used 10483K [0x00000000f5b00000, 0x00000000f6980000, 0x0000000100000000)
  eden space 8704K, 100% used [0x00000000f5b00000,0x00000000f6380000,0x00000000f6380000)
  from space 3072K, 57% used [0x00000000f6380000,0x00000000f653cc20,0x00000000f6680000)
  to   space 3072K, 0% used [0x00000000f6680000,0x00000000f6680000,0x00000000f6980000)
 ParOldGen       total 22016K, used 6542K [0x00000000e1000000, 0x00000000e2580000, 0x00000000f5b00000)
  object space 22016K, 29% used [0x00000000e1000000,0x00000000e1663ac8,0x00000000e2580000)
 Metaspace       used 8399K, capacity 8652K, committed 8704K, reserved 1056768K
  class space    used 895K, capacity 984K, committed 1024K, reserved 1048576K
Event: 15.433 GC heap after
Heap after GC invocations=10 (full 0):
 PSYoungGen      total 11776K, used 928K [0x00000000f5b00000, 0x00000000f6f00000, 0x0000000100000000)
  eden space 8704K, 0% used [0x00000000f5b00000,0x00000000f5b00000,0x00000000f6380000)
  from space 3072K, 30% used [0x00000000f6680000,0x00000000f6768000,0x00000000f6980000)
  to   space 3072K, 0% used [0x00000000f6380000,0x00000000f6380000,0x00000000f6680000)
 ParOldGen       total 22016K, used 7543K [0x00000000e1000000, 0x00000000e2580000, 0x00000000f5b00000)
  object space 22016K, 34% used [0x00000000e1000000,0x00000000e175df18,0x00000000e2580000)
 Metaspace       used 8399K, capacity 8652K, committed 8704K, reserved 1056768K
  class space    used 895K, capacity 984K, committed 1024K, reserved 1048576K
}
Event: 16.010 GC heap before
{Heap before GC invocations=11 (full 0):
 PSYoungGen      total 11776K, used 9632K [0x00000000f5b00000, 0x00000000f6f00000, 0x0000000100000000)
  eden space 8704K, 100% used [0x00000000f5b00000,0x00000000f6380000,0x00000000f6380000)
  from space 3072K, 30% used [0x00000000f6680000,0x00000000f6768000,0x00000000f6980000)
  to   space 3072K, 0% used [0x00000000f6380000,0x00000000f6380000,0x00000000f6680000)
 ParOldGen       total 22016K, used 7543K [0x00000000e1000000, 0x00000000e2580000, 0x00000000f5b00000)
  object space 22016K, 34% used [0x00000000e1000000,0x00000000e175df18,0x00000000e2580000)
 Metaspace       used 8507K, capacity 8780K, committed 8960K, reserved 1056768K
  class space    used 897K, capacity 984K, committed 1024K, reserved 1048576K
Event: 16.014 GC heap after
Heap after GC invocations=11 (full 0):
 PSYoungGen      total 11776K, used 356K [0x00000000f5b00000, 0x00000000f6980000, 0x0000000100000000)
  eden space 8704K, 0% used [0x00000000f5b00000,0x00000000f5b00000,0x00000000f6380000)
  from space 3072K, 11% used [0x00000000f6380000,0x00000000f63d9350,0x00000000f6680000)
  to   space 3072K, 0% used [0x00000000f6680000,0x00000000f6680000,0x00000000f6980000)
 ParOldGen       total 22016K, used 8392K [0x00000000e1000000, 0x00000000e2580000, 0x00000000f5b00000)
  object space 22016K, 38% used [0x00000000e1000000,0x00000000e18322e0,0x00000000e2580000)
 Metaspace       used 8507K, capacity 8780K, committed 8960K, reserved 1056768K
  class space    used 897K, capacity 984K, committed 1024K, reserved 1048576K
}
Event: 16.402 GC heap before
{Heap before GC invocations=12 (full 0):
 PSYoungGen      total 11776K, used 9060K [0x00000000f5b00000, 0x00000000f6980000, 0x0000000100000000)
  eden space 8704K, 100% used [0x00000000f5b00000,0x00000000f6380000,0x00000000f6380000)
  from space 3072K, 11% used [0x00000000f6380000,0x00000000f63d9350,0x00000000f6680000)
  to   space 3072K, 0% used [0x00000000f6680000,0x00000000f6680000,0x00000000f6980000)
 ParOldGen       total 22016K, used 8392K [0x00000000e1000000, 0x00000000e2580000, 0x00000000f5b00000)
  object space 22016K, 38% used [0x00000000e1000000,0x00000000e18322e0,0x00000000e2580000)
 Metaspace       used 8540K, capacity 8780K, committed 8960K, reserved 1056768K
  class space    used 897K, capacity 984K, committed 1024K, reserved 1048576K
Event: 16.405 GC heap after
Heap after GC invocations=12 (full 0):
 PSYoungGen      total 11264K, used 256K [0x00000000f5b00000, 0x00000000f6a80000, 0x0000000100000000)
  eden space 8192K, 0% used [0x00000000f5b00000,0x00000000f5b00000,0x00000000f6300000)
  from space 3072K, 8% used [0x00000000f6680000,0x00000000f66c0000,0x00000000f6980000)
  to   space 3584K, 0% used [0x00000000f6300000,0x00000000f6300000,0x00000000f6680000)
 ParOldGen       total 22016K, used 8666K [0x00000000e1000000, 0x00000000e2580000, 0x00000000f5b00000)
  object space 22016K, 39% used [0x00000000e1000000,0x00000000e1876860,0x00000000e2580000)
 Metaspace       used 8540K, capacity 8780K, committed 8960K, reserved 1056768K
  class space    used 897K, capacity 984K, committed 1024K, reserved 1048576K
}
Event: 16.889 GC heap before
{Heap before GC invocations=13 (full 0):
 PSYoungGen      total 11264K, used 8448K [0x00000000f5b00000, 0x00000000f6a80000, 0x0000000100000000)
  eden space 8192K, 100% used [0x00000000f5b00000,0x00000000f6300000,0x00000000f6300000)
  from space 3072K, 8% used [0x00000000f6680000,0x00000000f66c0000,0x00000000f6980000)
  to   space 3584K, 0% used [0x00000000f6300000,0x00000000f6300000,0x00000000f6680000)
 ParOldGen       total 22016K, used 8666K [0x00000000e1000000, 0x00000000e2580000, 0x00000000f5b00000)
  object space 22016K, 39% used [0x00000000e1000000,0x00000000e1876860,0x00000000e2580000)
 Metaspace       used 8555K, capacity 8780K, committed 8960K, reserved 1056768K
  class space    used 897K, capacity 984K, committed 1024K, reserved 1048576K
Event: 16.892 GC heap after
Heap after GC invocations=13 (full 0):
 PSYoungGen      total 11776K, used 128K [0x00000000f5b00000, 0x00000000f6a00000, 0x0000000100000000)
  eden space 8192K, 0% used [0x00000000f5b00000,0x00000000f5b00000,0x00000000f6300000)
  from space 3584K, 3% used [0x00000000f6300000,0x00000000f6320000,0x00000000f6680000)
  to   space 3584K, 0% used [0x00000000f6680000,0x00000000f6680000,0x00000000f6a00000)
 ParOldGen       total 22016K, used 8859K [0x00000000e1000000, 0x00000000e2580000, 0x00000000f5b00000)
  object space 22016K, 40% used [0x00000000e1000000,0x00000000e18a6cd0,0x00000000e2580000)
 Metaspace       used 8555K, capacity 8780K, committed 8960K, reserved 1056768K
  class space    used 897K, capacity 984K, committed 1024K, reserved 1048576K
}

Deoptimization events (10 events):
Event: 15.460 Thread 0x00000000030f8000 Uncommon trap: reason=bimorphic action=maybe_recompile pc=0x000000000375201c method=javassist.ClassPool.get(Ljava/lang/String;)Ljavassist/CtClass; @ 30
Event: 15.922 Thread 0x00000000030f8000 Uncommon trap: reason=class_check action=maybe_recompile pc=0x00000000037d2da8 method=javassist.bytecode.Utf8Info.equals(Ljava/lang/Object;)Z @ 1
Event: 15.923 Thread 0x00000000030f8000 Uncommon trap: reason=class_check action=maybe_recompile pc=0x00000000037d2da8 method=javassist.bytecode.Utf8Info.equals(Ljava/lang/Object;)Z @ 1
Event: 15.923 Thread 0x00000000030f8000 Uncommon trap: reason=class_check action=maybe_recompile pc=0x00000000037d2da8 method=javassist.bytecode.Utf8Info.equals(Ljava/lang/Object;)Z @ 1
Event: 15.923 Thread 0x00000000030f8000 Uncommon trap: reason=class_check action=maybe_recompile pc=0x00000000037d2da8 method=javassist.bytecode.Utf8Info.equals(Ljava/lang/Object;)Z @ 1
Event: 15.963 Thread 0x00000000030f8000 Uncommon trap: reason=unstable_if action=reinterpret pc=0x000000000388f520 method=java.util.HashMap$TreeNode.find(ILjava/lang/Object;Ljava/lang/Class;)Ljava/util/HashMap$TreeNode; @ 71
Event: 15.982 Thread 0x00000000030f8000 Uncommon trap: reason=class_check action=maybe_recompile pc=0x000000000385ba1c method=javassist.bytecode.ClassInfo.equals(Ljava/lang/Object;)Z @ 1
Event: 15.983 Thread 0x00000000030f8000 Uncommon trap: reason=class_check action=maybe_recompile pc=0x000000000385ba1c method=javassist.bytecode.ClassInfo.equals(Ljava/lang/Object;)Z @ 1
Event: 15.985 Thread 0x00000000030f8000 Uncommon trap: reason=class_check action=maybe_recompile pc=0x000000000385ba1c method=javassist.bytecode.ClassInfo.equals(Ljava/lang/Object;)Z @ 1
Event: 16.000 Thread 0x00000000030f8000 Uncommon trap: reason=class_check action=maybe_recompile pc=0x000000000385ba1c method=javassist.bytecode.ClassInfo.equals(Ljava/lang/Object;)Z @ 1

Classes redefined (0 events):
No events

Internal exceptions (10 events):
Event: 1.646 Thread 0x00000000030f8000 Exception <a 'java/security/PrivilegedActionException'> (0x00000000f5fcdc48) thrown at [D:\src\AOSP-openjdk-cygwin\jdk8u\hotspot\src\share\vm\prims\jvm.cpp, line 1508]
Event: 3.457 Thread 0x00000000030f8000 Exception <a 'java/lang/ClassNotFoundException': org/powermock/configuration/MockitoConfigurationBeanInfo> (0x00000000f5f10bd0) thrown at [D:\src\AOSP-openjdk-cygwin\jdk8u\hotspot\src\share\vm\classfile\systemDictionary.cpp, line 210]
Event: 3.544 Thread 0x00000000030f8000 Exception <a 'java/lang/ClassNotFoundException': org/powermock/configuration/MockitoConfigurationCustomizer> (0x00000000f5f34760) thrown at [D:\src\AOSP-openjdk-cygwin\jdk8u\hotspot\src\share\vm\classfile\systemDictionary.cpp, line 210]
Event: 3.559 Thread 0x00000000030f8000 Exception <a 'java/lang/ArrayIndexOutOfBoundsException'> (0x00000000f5f40798) thrown at [D:\src\AOSP-openjdk-cygwin\jdk8u\hotspot\src\share\vm\runtime\sharedRuntime.cpp, line 605]
Event: 3.580 Thread 0x00000000030f8000 Exception <a 'java/lang/ArrayIndexOutOfBoundsException'> (0x00000000f5f42508) thrown at [D:\src\AOSP-openjdk-cygwin\jdk8u\hotspot\src\share\vm\runtime\sharedRuntime.cpp, line 605]
Event: 3.662 Thread 0x00000000030f8000 Exception <a 'java/lang/ClassNotFoundException': org/powermock/configuration/PowerMockConfigurationBeanInfo> (0x00000000f5fe0190) thrown at [D:\src\AOSP-openjdk-cygwin\jdk8u\hotspot\src\share\vm\classfile\systemDictionary.cpp, line 210]
Event: 3.668 Thread 0x00000000030f8000 Exception <a 'java/lang/ClassNotFoundException': org/powermock/configuration/PowerMockConfigurationCustomizer> (0x00000000f6004648) thrown at [D:\src\AOSP-openjdk-cygwin\jdk8u\hotspot\src\share\vm\classfile\systemDictionary.cpp, line 210]
Event: 3.669 Thread 0x00000000030f8000 Exception <a 'java/lang/ArrayIndexOutOfBoundsException'> (0x00000000f6006730) thrown at [D:\src\AOSP-openjdk-cygwin\jdk8u\hotspot\src\share\vm\runtime\sharedRuntime.cpp, line 605]
Event: 4.570 Thread 0x00000000030f8000 Exception <a 'java/lang/NoSuchFieldError': method resolution failed> (0x00000000f5d7ddb0) thrown at [D:\src\AOSP-openjdk-cygwin\jdk8u\hotspot\src\share\vm\prims\methodHandles.cpp, line 1167]
Event: 4.580 Thread 0x00000000030f8000 Exception <a 'java/lang/NoSuchFieldError': method resolution failed> (0x00000000f5d8bd58) thrown at [D:\src\AOSP-openjdk-cygwin\jdk8u\hotspot\src\share\vm\prims\methodHandles.cpp, line 1167]

Events (10 events):
Event: 15.985 Thread 0x00000000030f8000 DEOPT UNPACKING pc=0x000000000336557b sp=0x00000000030e8de8 mode 2
Event: 16.000 Thread 0x00000000030f8000 Uncommon trap: trap_request=0xffffffde fr.pc=0x000000000385ba1c
Event: 16.000 Thread 0x00000000030f8000 DEOPT PACKING pc=0x000000000385ba1c sp=0x00000000030e8fd0
Event: 16.000 Thread 0x00000000030f8000 DEOPT UNPACKING pc=0x000000000336557b sp=0x00000000030e8f68 mode 2
Event: 16.009 Executing VM operation: ParallelGCFailedAllocation
Event: 16.014 Executing VM operation: ParallelGCFailedAllocation done
Event: 16.402 Executing VM operation: ParallelGCFailedAllocation
Event: 16.405 Executing VM operation: ParallelGCFailedAllocation done
Event: 16.889 Executing VM operation: ParallelGCFailedAllocation
Event: 16.892 Executing VM operation: ParallelGCFailedAllocation done


Dynamic libraries:
0x00007ff72dda0000 - 0x00007ff72ddd1000 	C:\Program Files\Android\Android Studio\jre\bin\java.exe
0x00007ff8a8920000 - 0x00007ff8a8afb000 	C:\WINDOWS\SYSTEM32\ntdll.dll
0x00007ff8a64e0000 - 0x00007ff8a658e000 	C:\WINDOWS\System32\KERNEL32.DLL
0x00007ff8a5300000 - 0x00007ff8a5549000 	C:\WINDOWS\System32\KERNELBASE.dll
0x00007ff8a6bc0000 - 0x00007ff8a6c61000 	C:\WINDOWS\System32\ADVAPI32.dll
0x00007ff8a69a0000 - 0x00007ff8a6a3d000 	C:\WINDOWS\System32\msvcrt.dll
0x00007ff8a6d20000 - 0x00007ff8a6d79000 	C:\WINDOWS\System32\sechost.dll
0x00007ff8a5e80000 - 0x00007ff8a5fa5000 	C:\WINDOWS\System32\RPCRT4.dll
0x00007ff8a6e20000 - 0x00007ff8a6f6a000 	C:\WINDOWS\System32\USER32.dll
0x00007ff8a5240000 - 0x00007ff8a525e000 	C:\WINDOWS\System32\win32u.dll
0x00007ff8a6f70000 - 0x00007ff8a6f97000 	C:\WINDOWS\System32\GDI32.dll
0x00007ff8a4ef0000 - 0x00007ff8a5078000 	C:\WINDOWS\System32\gdi32full.dll
0x00007ff8a5260000 - 0x00007ff8a52fa000 	C:\WINDOWS\System32\msvcp_win.dll
0x00007ff8a5080000 - 0x00007ff8a5176000 	C:\WINDOWS\System32\ucrtbase.dll
0x00007ff899170000 - 0x00007ff8993d7000 	C:\WINDOWS\WinSxS\amd64_microsoft.windows.common-controls_6595b64144ccf1df_6.0.15063.483_none_26002d27e7c744a2\COMCTL32.dll
0x00007ff8a6590000 - 0x00007ff8a6889000 	C:\WINDOWS\System32\combase.dll
0x00007ff8a5180000 - 0x00007ff8a51ea000 	C:\WINDOWS\System32\bcryptPrimitives.dll
0x00007ff8a6fa0000 - 0x00007ff8a6fcd000 	C:\WINDOWS\System32\IMM32.DLL
0x00000000656a0000 - 0x0000000065772000 	C:\Program Files\Android\Android Studio\jre\jre\bin\msvcr100.dll
0x0000000064e50000 - 0x0000000065696000 	C:\Program Files\Android\Android Studio\jre\jre\bin\server\jvm.dll
0x00007ff8a84d0000 - 0x00007ff8a84d8000 	C:\WINDOWS\System32\PSAPI.DLL
0x00007ff895070000 - 0x00007ff89507a000 	C:\WINDOWS\SYSTEM32\VERSION.dll
0x00007ff8a20a0000 - 0x00007ff8a20c3000 	C:\WINDOWS\SYSTEM32\WINMM.dll
0x00007ff89ee00000 - 0x00007ff89ee09000 	C:\WINDOWS\SYSTEM32\WSOCK32.dll
0x00007ff8a2040000 - 0x00007ff8a206b000 	C:\WINDOWS\SYSTEM32\winmmbase.dll
0x00007ff8a6440000 - 0x00007ff8a64ac000 	C:\WINDOWS\System32\WS2_32.dll
0x00007ff8a51f0000 - 0x00007ff8a5239000 	C:\WINDOWS\System32\cfgmgr32.dll
0x00007ff89e200000 - 0x00007ff89e20f000 	C:\Program Files\Android\Android Studio\jre\jre\bin\verify.dll
0x00007ff8968f0000 - 0x00007ff896919000 	C:\Program Files\Android\Android Studio\jre\jre\bin\java.dll
0x00007ff89a130000 - 0x00007ff89a153000 	C:\Program Files\Android\Android Studio\jre\jre\bin\instrument.dll
0x00007ff89d4b0000 - 0x00007ff89d4c6000 	C:\Program Files\Android\Android Studio\jre\jre\bin\zip.dll
0x00007ff8a6fd0000 - 0x00007ff8a8406000 	C:\WINDOWS\System32\SHELL32.dll
0x00007ff8a6c70000 - 0x00007ff8a6d1a000 	C:\WINDOWS\System32\shcore.dll
0x00007ff8a5550000 - 0x00007ff8a5c43000 	C:\WINDOWS\System32\windows.storage.dll
0x00007ff8a6010000 - 0x00007ff8a6061000 	C:\WINDOWS\System32\shlwapi.dll
0x00007ff8a4d90000 - 0x00007ff8a4da1000 	C:\WINDOWS\System32\kernel.appcore.dll
0x00007ff8a4dd0000 - 0x00007ff8a4e1c000 	C:\WINDOWS\System32\powrprof.dll
0x00007ff8a4db0000 - 0x00007ff8a4dc5000 	C:\WINDOWS\System32\profapi.dll
0x00007ff89a0b0000 - 0x00007ff89a0ca000 	C:\Program Files\Android\Android Studio\bin\breakgen64.dll
0x00007ff89c960000 - 0x00007ff89c97a000 	C:\Program Files\Android\Android Studio\jre\jre\bin\net.dll
0x00007ff8a4640000 - 0x00007ff8a469c000 	C:\WINDOWS\system32\mswsock.dll

VM Arguments:
jvm_args: -ea -Didea.test.cyclic.buffer.size=1048576 -javaagent:C:\Program Files\Android\Android Studio\lib\idea_rt.jar=52764:C:\Program Files\Android\Android Studio\bin -Dfile.encoding=UTF-8 
java_command: com.intellij.rt.execution.junit.JUnitStarter -ideVersion5 -junit4 @w@C:\Users\grace\AppData\Local\Temp\idea_working_dirs_junit.tmp @C:\Users\grace\AppData\Local\Temp\idea_junit.tmp
java_class_path (initial): C:\Program Files\Android\Android Studio\lib\idea_rt.jar;C:\Program Files\Android\Android Studio\plugins\junit\lib\junit-rt.jar;C:\Program Files\Android\Android Studio\plugins\junit\lib\junit5-rt.jar;C:\Users\grace\AppData\Local\Android\Sdk\platforms\android-25\data\res;C:\Users\grace\AndroidStudioProjects\Android-CandyCodedApplication\app\build\intermediates\classes\test\debug;C:\Users\grace\AndroidStudioProjects\Android-CandyCodedApplication\app\build\intermediates\classes\debug;C:\Users\grace\AndroidStudioProjects\Android-CandyCodedApplication\app\build\intermediates\sourceFolderJavaResources\test\debug;C:\Users\grace\AndroidStudioProjects\Android-CandyCodedApplication\app\build\generated\res\rs\debug;C:\Users\grace\AndroidStudioProjects\Android-CandyCodedApplication\app\build\generated\res\resValues\debug;C:\Users\grace\.gradle\caches\modules-2\files-2.1\org.hamcrest\hamcrest-library\1.3\4785a3c21320980282f9f33d0d1264a69040538f\hamcrest-library-1.3.jar;C:\Users\grace\.gradle\caches\modules-2\files-2.1\junit\junit\4.12\2973d150c0dc1fefe998f834810d68f278ea58ec\junit-4.12.jar;C:\Users\grace\.gradle\caches\modules-2\files-2.1\org.hamcrest\hamcrest-core\1.3\42a25dc3219429f0e5d060061f71acb49bf010a0\hamcrest-core-1.3.jar;C:\Users\grace\.gradle\caches\modules-2\files-2.1\org.powermock\powermock-module-junit4\1.7.1\b68666adbfc6a282a231f3af7a593aad3ee0e002\powermock-module-junit4-1.7.1.jar;C:\Users\grace\.gradle\caches\modules-2\files-2.1\org.powermock\powermock-module-junit4-common\1.7.1\cfd1f8fb63e50ae4c409ace696136ec3d595e832\powermock-module-junit4-common-1.7.1.jar;C:\Users\grace\.gradle\caches\modules-2\files-2.1\com.github.javaparser\javaparser-core\3.0.1\49c49fe9c0d1d21e4777bef6788a92ef15d2a241\javaparser-core-3.0.1.jar;C:\Users\grace\.gradle\caches\modules-2\files-2.1\org.powermock\powermock-api-mockito2\1.7.1\957158530a6e4552fa3addc979d62dcf3e1b1c74\powermock-api-mockito2-1.7.1.jar;C:\Users\grace\.gradle\caches\modules-2\files-2.1\org.
Launcher Type: SUN_STANDARD

Environment Variables:
PATH=C:\WINDOWS\system32;C:\WINDOWS;C:\WINDOWS\System32\Wbem;C:\WINDOWS\System32\WindowsPowerShell\v1.0\;C:\Program Files\Git\cmd;C:\Users\grace\AppData\Local\Microsoft\WindowsApps;
USERNAME=grace
OS=Windows_NT
PROCESSOR_IDENTIFIER=Intel64 Family 6 Model 76 Stepping 4, GenuineIntel



---------------  S Y S T E M  ---------------

OS: Windows 10.0 , 64 bit Build 15063 (10.0.15063.296)

CPU:total 4 (initial active 4) (4 cores per cpu, 1 threads per core) family 6 model 76 stepping 4, cmov, cx8, fxsr, mmx, sse, sse2, sse3, ssse3, sse4.1, sse4.2, popcnt, aes, clmul, erms, 3dnowpref, tsc, tscinvbit

Memory: 4k page, physical 2024448k(320600k free), swap 4490332k(4668k free)

vm_info: OpenJDK 64-Bit Server VM (25.202-b03) for windows-amd64 JRE (1.8.0_202-release-1483-b03), built by "builder" with MS VC++ 10.0 (VS2010)

time: Wed Oct 23 13:28:40 2019
timezone: W. Central Africa Standard Time
elapsed time: 17 seconds (0d 0h 0m 17s)

