#
# There is insufficient memory for the Java Runtime Environment to continue.
# Native memory allocation (malloc) failed to allocate 1048576 bytes for AllocateHeap
# Possible reasons:
#   The system is out of physical RAM or swap space
#   The process is running with CompressedOops enabled, and the Java Heap may be blocking the growth of the native heap
# Possible solutions:
#   Reduce memory load on the system
#   Increase physical memory or swap space
#   Check if swap backing store is full
#   Decrease Java heap size (-Xmx/-Xms)
#   Decrease number of Java threads
#   Decrease Java thread stack sizes (-Xss)
#   Set larger code cache with -XX:ReservedCodeCacheSize=
#   JVM is running with Unscaled Compressed Oops mode in which the Java heap is
#     placed in the first 4GB address space. The Java Heap base address is the
#     maximum limit for the native heap growth. Please use -XX:HeapBaseMinAddress
#     to set the Java Heap base and to place the Java Heap above 4GB virtual address.
# This output file may be truncated or incomplete.
#
#  Out of Memory Error (memory/allocation.inline.hpp:61), pid=7072, tid=0x0000000000000fb4
#
# JRE version:  (8.0_202-b03) (build )
# Java VM: OpenJDK 64-Bit Server VM (25.202-b03 mixed mode windows-amd64 compressed oops)
# Failed to write core dump. Minidumps are not enabled by default on client versions of Windows
#

---------------  T H R E A D  ---------------

Current thread (0x000000000267e800):  JavaThread "Unknown thread" [_thread_in_vm, id=4020, stack(0x0000000002680000,0x0000000002780000)]

Stack: [0x0000000002680000,0x0000000002780000]
[error occurred during error reporting (printing stack bounds), id 0xc0000005]

Native frames: (J=compiled Java code, j=interpreted, Vv=VM code, C=native code)


---------------  P R O C E S S  ---------------

Java Threads: ( => current thread )

Other Threads:

=>0x000000000267e800 (exited) JavaThread "Unknown thread" [_thread_in_vm, id=4020, stack(0x0000000002680000,0x0000000002780000)]

VM state:not at safepoint (normal execution)

VM Mutex/Monitor currently owned by a thread: None

heap address: 0x00000000e1000000, size: 496 MB, Compressed Oops mode: 32-bit
Narrow klass base: 0x0000000000000000, Narrow klass shift: 3
Compressed class space size: 1073741824 Address: 0x0000000100000000

Heap:
 PSYoungGen      total 9728K, used 174K [0x00000000f5b00000, 0x00000000f6580000, 0x0000000100000000)
  eden space 8704K, 2% used [0x00000000f5b00000,0x00000000f5b2b860,0x00000000f6380000)
  from space 1024K, 0% used [0x00000000f6480000,0x00000000f6480000,0x00000000f6580000)
  to   space 1024K, 0% used [0x00000000f6380000,0x00000000f6380000,0x00000000f6480000)
 ParOldGen       total 22016K, used 0K [0x00000000e1000000, 0x00000000e2580000, 0x00000000f5b00000)
  object space 22016K, 0% used [0x00000000e1000000,0x00000000e1000000,0x00000000e2580000)
 Metaspace       used 778K, capacity 4480K, committed 4480K, reserved 1056768K
  class space    used 74K, capacity 384K, committed 384K, reserved 1048576K

Card table byte_map: [0x0000000011d50000,0x0000000011e50000] byte_map_base: 0x0000000011648000

Marking Bits: (ParMarkBitMap*) 0x0000000065619f30
 Begin Bits: [0x0000000012300000, 0x0000000012ac0000)
 End Bits:   [0x0000000012ac0000, 0x0000000013280000)

Polling page: 0x0000000000df0000

CodeCache: size=245760Kb used=327Kb max_used=327Kb free=245432Kb
 bounds [0x0000000002990000, 0x0000000002c00000, 0x0000000011990000]
 total_blobs=56 nmethods=0 adapters=38
 compilation: enabled

Compilation events (0 events):
No events

GC Heap History (0 events):
No events

Deoptimization events (0 events):
No events

Classes redefined (0 events):
No events

Internal exceptions (0 events):
No events

Events (10 events):
Event: 0.365 loading class java/lang/Short
Event: 0.373 loading class java/lang/Short done
Event: 0.373 loading class java/lang/Integer
Event: 0.385 loading class java/lang/Integer done
Event: 0.385 loading class java/lang/Long
Event: 0.397 loading class java/lang/Long done
Event: 0.400 loading class java/lang/NullPointerException
Event: 0.401 loading class java/lang/NullPointerException done
Event: 0.401 loading class java/lang/ArithmeticException
Event: 0.401 loading class java/lang/ArithmeticException done


Dynamic libraries:
0x00007ff72dda0000 - 0x00007ff72ddd1000 	C:\Program Files\Android\Android Studio\jre\bin\java.exe
0x00007ff8a8920000 - 0x00007ff8a8afb000 	C:\WINDOWS\SYSTEM32\ntdll.dll
0x00007ff8a64e0000 - 0x00007ff8a658e000 	C:\WINDOWS\System32\KERNEL32.DLL
0x00007ff8a5300000 - 0x00007ff8a5549000 	C:\WINDOWS\System32\KERNELBASE.dll
0x00007ff8a6bc0000 - 0x00007ff8a6c61000 	C:\WINDOWS\System32\ADVAPI32.dll
0x00007ff8a69a0000 - 0x00007ff8a6a3d000 	C:\WINDOWS\System32\msvcrt.dll
0x00007ff8a6d20000 - 0x00007ff8a6d79000 	C:\WINDOWS\System32\sechost.dll
0x00007ff8a5e80000 - 0x00007ff8a5fa5000 	C:\WINDOWS\System32\RPCRT4.dll
0x00007ff8a6e20000 - 0x00007ff8a6f6a000 	C:\WINDOWS\System32\USER32.dll
0x00007ff8a5240000 - 0x00007ff8a525e000 	C:\WINDOWS\System32\win32u.dll
0x00007ff8a6f70000 - 0x00007ff8a6f97000 	C:\WINDOWS\System32\GDI32.dll
0x00007ff8a4ef0000 - 0x00007ff8a5078000 	C:\WINDOWS\System32\gdi32full.dll
0x00007ff8a5260000 - 0x00007ff8a52fa000 	C:\WINDOWS\System32\msvcp_win.dll
0x00007ff8a5080000 - 0x00007ff8a5176000 	C:\WINDOWS\System32\ucrtbase.dll
0x00007ff899170000 - 0x00007ff8993d7000 	C:\WINDOWS\WinSxS\amd64_microsoft.windows.common-controls_6595b64144ccf1df_6.0.15063.483_none_26002d27e7c744a2\COMCTL32.dll
0x00007ff8a6590000 - 0x00007ff8a6889000 	C:\WINDOWS\System32\combase.dll
0x00007ff8a5180000 - 0x00007ff8a51ea000 	C:\WINDOWS\System32\bcryptPrimitives.dll
0x00007ff8a6fa0000 - 0x00007ff8a6fcd000 	C:\WINDOWS\System32\IMM32.DLL
0x00000000656a0000 - 0x0000000065772000 	C:\Program Files\Android\Android Studio\jre\jre\bin\msvcr100.dll
0x0000000064e50000 - 0x0000000065696000 	C:\Program Files\Android\Android Studio\jre\jre\bin\server\jvm.dll
0x00007ff8a84d0000 - 0x00007ff8a84d8000 	C:\WINDOWS\System32\PSAPI.DLL
0x00007ff8a20a0000 - 0x00007ff8a20c3000 	C:\WINDOWS\SYSTEM32\WINMM.dll
0x00007ff895070000 - 0x00007ff89507a000 	C:\WINDOWS\SYSTEM32\VERSION.dll
0x00007ff8a2040000 - 0x00007ff8a206b000 	C:\WINDOWS\SYSTEM32\WINMMBASE.dll
0x00007ff8a51f0000 - 0x00007ff8a5239000 	C:\WINDOWS\System32\cfgmgr32.dll
0x00007ff89ee00000 - 0x00007ff89ee09000 	C:\WINDOWS\SYSTEM32\WSOCK32.dll
0x00007ff8a6440000 - 0x00007ff8a64ac000 	C:\WINDOWS\System32\WS2_32.dll
0x00007ff89e200000 - 0x00007ff89e20f000 	C:\Program Files\Android\Android Studio\jre\jre\bin\verify.dll
0x00007ff8968f0000 - 0x00007ff896919000 	C:\Program Files\Android\Android Studio\jre\jre\bin\java.dll
0x00007ff89a1e0000 - 0x00007ff89a203000 	C:\Program Files\Android\Android Studio\jre\jre\bin\instrument.dll
0x00007ff89d4b0000 - 0x00007ff89d4c6000 	C:\Program Files\Android\Android Studio\jre\jre\bin\zip.dll

VM Arguments:
jvm_args: -ea -Didea.test.cyclic.buffer.size=1048576 -javaagent:C:\Program Files\Android\Android Studio\lib\idea_rt.jar=52416:C:\Program Files\Android\Android Studio\bin -Dfile.encoding=UTF-8 
java_command: com.intellij.rt.execution.junit.JUnitStarter -ideVersion5 -junit4 com.pluralsight.candycoded._3_StartThePhoneActivity
java_class_path (initial): C:\Program Files\Android\Android Studio\lib\idea_rt.jar;C:\Program Files\Android\Android Studio\plugins\junit\lib\junit-rt.jar;C:\Program Files\Android\Android Studio\plugins\junit\lib\junit5-rt.jar;C:\Users\grace\AppData\Local\Android\Sdk\platforms\android-25\data\res;C:\Users\grace\AndroidStudioProjects\Android-CandyCodedApplication\app\build\intermediates\classes\test\debug;C:\Users\grace\AndroidStudioProjects\Android-CandyCodedApplication\app\build\intermediates\classes\debug;C:\Users\grace\AndroidStudioProjects\Android-CandyCodedApplication\app\build\intermediates\sourceFolderJavaResources\test\debug;C:\Users\grace\AndroidStudioProjects\Android-CandyCodedApplication\app\build\generated\res\rs\debug;C:\Users\grace\AndroidStudioProjects\Android-CandyCodedApplication\app\build\generated\res\resValues\debug;C:\Users\grace\.gradle\caches\modules-2\files-2.1\org.hamcrest\hamcrest-library\1.3\4785a3c21320980282f9f33d0d1264a69040538f\hamcrest-library-1.3.jar;C:\Users\grace\.gradle\caches\modules-2\files-2.1\junit\junit\4.12\2973d150c0dc1fefe998f834810d68f278ea58ec\junit-4.12.jar;C:\Users\grace\.gradle\caches\modules-2\files-2.1\org.hamcrest\hamcrest-core\1.3\42a25dc3219429f0e5d060061f71acb49bf010a0\hamcrest-core-1.3.jar;C:\Users\grace\.gradle\caches\modules-2\files-2.1\org.powermock\powermock-module-junit4\1.7.1\b68666adbfc6a282a231f3af7a593aad3ee0e002\powermock-module-junit4-1.7.1.jar;C:\Users\grace\.gradle\caches\modules-2\files-2.1\org.powermock\powermock-module-junit4-common\1.7.1\cfd1f8fb63e50ae4c409ace696136ec3d595e832\powermock-module-junit4-common-1.7.1.jar;C:\Users\grace\.gradle\caches\modules-2\files-2.1\com.github.javaparser\javaparser-core\3.0.1\49c49fe9c0d1d21e4777bef6788a92ef15d2a241\javaparser-core-3.0.1.jar;C:\Users\grace\.gradle\caches\modules-2\files-2.1\org.powermock\powermock-api-mockito2\1.7.1\957158530a6e4552fa3addc979d62dcf3e1b1c74\powermock-api-mockito2-1.7.1.jar;C:\Users\grace\.gradle\caches\modules-2\files-2.1\org.
Launcher Type: SUN_STANDARD

Environment Variables:
PATH=C:\WINDOWS\system32;C:\WINDOWS;C:\WINDOWS\System32\Wbem;C:\WINDOWS\System32\WindowsPowerShell\v1.0\;C:\Program Files\Git\cmd;C:\Users\grace\AppData\Local\Microsoft\WindowsApps;
USERNAME=grace
OS=Windows_NT
PROCESSOR_IDENTIFIER=Intel64 Family 6 Model 76 Stepping 4, GenuineIntel



---------------  S Y S T E M  ---------------

OS: Windows 10.0 , 64 bit Build 15063 (10.0.15063.296)

CPU:total 4 (initial active 4) (4 cores per cpu, 1 threads per core) family 6 model 76 stepping 4, cmov, cx8, fxsr, mmx, sse, sse2, sse3, ssse3, sse4.1, sse4.2, popcnt, aes, clmul, erms, 3dnowpref, tsc, tscinvbit

Memory: 4k page, physical 2024448k(219776k free), swap 4490332k(3012k free)

vm_info: OpenJDK 64-Bit Server VM (25.202-b03) for windows-amd64 JRE (1.8.0_202-release-1483-b03), built by "builder" with MS VC++ 10.0 (VS2010)

time: Wed Oct 23 13:08:02 2019
timezone: W. Central Africa Standard Time
elapsed time: 0 seconds (0d 0h 0m 0s)

